SNPID	RSID	CHR	POS	Non_Effect_Allele	Effect_Allele	N_Samples	AF	Beta_Marginal	Var_Beta_Marginal	Beta_Interaction_1	Var_Beta_Interaction_1_1	P_Value_Marginal	P_Value_Interaction	P_Value_Joint
rs1	rs1	1	1	A	C	250	0.366	-0.163631	0.0361341	0.0884386	0.177135	0.389344	0.833566	0.675887
rs2	rs2	1	2	A	C	250	0.4	0.108896	0.0308642	0.182689	0.135988	0.535359	0.620314	0.731837
rs3	rs3	1	3	A	C	250	0.372	-0.319095	0.0347185	-0.164599	0.161752	0.0867977	0.682347	0.211094
rs4	rs4	1	4	A	C	250	0.352	-0.0865535	0.032305	0.474092	0.149797	0.630119	0.220602	0.420844
rs5	rs5	1	5	A	C	250	0.242	0.0127291	0.0467126	0.147228	0.200167	0.953036	0.742099	0.94517
rs6	rs6	1	6	A	C	250	0.168	0.218514	0.0599629	-1.00866	0.291195	0.372202	0.0615964	0.11551
rs7	rs7	1	7	A	C	250	0.2	0.298994	0.0536175	0.00975422	0.309027	0.196618	0.986001	0.434379
rs8	rs8	1	8	A	C	250	0.262	0.0280789	0.0402552	-0.347912	0.176722	0.888701	0.407893	0.704214
rs9	rs9	1	9	A	C	250	0.282	0.300765	0.0384476	-0.824233	0.178846	0.125059	0.0512964	0.0496877
rs10	rs10	1	10	A	C	250	0.404	-0.0169926	0.0330517	0.0787034	0.158528	0.925532	0.843303	0.976624
rs11	rs11	1	11	A	C	250	0.102	0.432459	0.0876756	1.28379	0.502409	0.144149	0.0701108	0.0724297
rs12	rs12	1	12	A	C	250	0.15	0.0425636	0.069272	-0.491759	0.311265	0.871528	0.378086	0.667171
rs13	rs13	1	13	A	C	250	0.31	-0.124184	0.0382056	-0.39385	0.170245	0.525209	0.33981	0.512022
rs14	rs14	1	14	A	C	250	0.092	0.222078	0.100654	0.816249	0.447381	0.483935	0.222333	0.369076
rs15	rs15	1	15	A	C	250	0.188	-0.185966	0.052085	-0.687719	0.254488	0.415159	0.172802	0.281514
rs16	rs16	1	16	A	C	250	0.21	0.0601655	0.0484055	-0.202204	0.234262	0.784496	0.676115	0.87976
rs17	rs17	1	17	A	C	250	0.26	-0.166033	0.0425117	-0.4176	0.17838	0.420665	0.322784	0.443781
rs18	rs18	1	18	A	C	250	0.23	-0.174761	0.0485081	-0.00378146	0.229209	0.427496	0.993698	0.729767
rs19	rs19	1	19	A	C	250	0.154	0.731268	0.0611374	0.00053623	0.311023	0.00310157	0.999233	0.0124767
rs20	rs20	1	20	A	C	250	0.402	0.0961519	0.0385046	0.631134	0.169202	0.62413	0.124949	0.268662
rs21	rs21	1	21	A	C	250	0.254	0.485241	0.0445743	-0.0717504	0.190986	0.0215421	0.869588	0.0703912
rs22	rs22	1	22	A	C	250	0.236	0.361689	0.0442564	0.1986	0.218429	0.0855628	0.670884	0.209567
rs23	rs23	1	23	A	C	250	0.418	-0.397585	0.0346939	0.206569	0.165178	0.032799	0.611268	0.0906542
rs24	rs24	1	24	A	C	250	0.274	-0.00294875	0.0434239	0.121162	0.196806	0.98871	0.784765	0.963384
rs25	rs25	1	25	A	C	250	0.304	0.159034	0.0392225	0.075812	0.186151	0.421968	0.860519	0.713499
rs26	rs26	1	26	A	C	250	0.204	-0.155159	0.0448195	-0.524663	0.201679	0.463622	0.24269	0.392779
rs27	rs27	1	27	A	C	250	0.306	-0.0317853	0.0383503	-0.357848	0.178245	0.871063	0.396663	0.689315
rs28	rs28	1	28	A	C	250	0.27	0.178375	0.0370098	-0.343055	0.165996	0.353819	0.399785	0.458811
rs29	rs29	1	29	A	C	250	0.152	0.0655376	0.0657845	0.186047	0.277861	0.79832	0.724129	0.906503
rs30	rs30	1	30	A	C	250	0.238	0.206298	0.0415104	0.138837	0.193349	0.311275	0.752197	0.5643
rs31	rs31	1	31	A	C	250	0.324	0.109086	0.0433652	-0.0561396	0.208461	0.600389	0.90214	0.867128
rs32	rs32	1	32	A	C	250	0.098	0.0275765	0.0902505	-0.0587114	0.443601	0.926862	0.929757	0.992071
rs33	rs33	1	33	A	C	250	0.126	0.367076	0.0782546	0.231358	0.367976	0.189452	0.70291	0.394479
rs34	rs34	1	34	A	C	250	0.296	-0.256623	0.0365655	0.22248	0.176709	0.179589	0.596631	0.352128
rs35	rs35	1	35	A	C	250	0.232	0.317261	0.0475332	0.138737	0.236519	0.145618	0.775436	0.33293
rs36	rs36	1	36	A	C	250	0.214	-0.0471021	0.0527231	1.11792	0.239504	0.837467	0.0223534	0.0712643
rs37	rs37	1	37	A	C	250	0.338	0.049972	0.0379187	-0.209125	0.176697	0.797468	0.618838	0.856306
rs38	rs38	1	38	A	C	250	0.41	0.12581	0.033889	0.267864	0.153639	0.494341	0.494366	0.63215
rs39	rs39	1	39	A	C	250	0.268	0.0363112	0.0371431	0.0266663	0.166305	0.850556	0.947864	0.980491
rs40	rs40	1	40	A	C	250	0.146	0.359033	0.0590415	-0.325601	0.259877	0.139516	0.523014	0.269869
rs41	rs41	1	41	A	C	250	0.334	-0.0860179	0.0328022	-0.154069	0.1443	0.634831	0.685047	0.821202
rs42	rs42	1	42	A	C	250	0.216	-0.219511	0.0462915	-0.318108	0.203231	0.307611	0.480416	0.452435
rs43	rs43	1	43	A	C	250	0.414	0.221286	0.0337604	-0.114342	0.152406	0.228456	0.769605	0.464724
rs44	rs44	1	44	A	C	250	0.33	0.15674	0.0409651	0.0946352	0.204441	0.438686	0.834214	0.725601
rs45	rs45	1	45	A	C	250	0.178	-0.0988826	0.0590831	1.22995	0.307141	0.68415	0.0264651	0.0777865
rs46	rs46	1	46	A	C	250	0.178	0.284009	0.0556138	-0.259048	0.252556	0.228468	0.606227	0.41143
rs47	rs47	1	47	A	C	250	0.16	0.336249	0.0638274	0.318143	0.290856	0.18321	0.555254	0.345726
rs48	rs48	1	48	A	C	250	0.114	0.240161	0.0926361	0.411504	0.509454	0.430075	0.564257	0.614475
rs49	rs49	1	49	A	C	250	0.126	-0.149004	0.0801699	-0.0722175	0.360186	0.598713	0.904221	0.862131
rs50	rs50	1	50	A	C	250	0.294	-0.316207	0.0383452	0.362277	0.205935	0.106356	0.424686	0.195488
rs51	rs51	1	51	A	C	250	0.368	0.160221	0.0334939	-0.46305	0.153878	0.381323	0.237831	0.338396
rs52	rs52	1	52	A	C	250	0.344	-0.126619	0.0339306	0.23611	0.154734	0.491837	0.548349	0.665612
rs53	rs53	1	53	A	C	250	0.196	0.194466	0.0517125	-0.440971	0.232424	0.392465	0.36036	0.4546
rs54	rs54	1	54	A	C	250	0.162	-0.241329	0.0577695	-0.382886	0.233476	0.31535	0.428124	0.424148
rs55	rs55	1	55	A	C	250	0.3	0.225238	0.0383506	0.398196	0.15945	0.25008	0.318664	0.305768
rs56	rs56	1	56	A	C	250	0.262	-0.101412	0.046324	-0.727688	0.241265	0.637513	0.138477	0.303007
rs57	rs57	1	57	A	C	250	0.33	-0.0624768	0.0398943	-0.399664	0.16766	0.754435	0.32903	0.591673
rs58	rs58	1	58	A	C	250	0.136	-0.254893	0.0787123	-0.540617	0.357124	0.363601	0.365651	0.437215
rs59	rs59	1	59	A	C	250	0.238	0.025901	0.0469143	-0.107953	0.211494	0.904815	0.814412	0.96564
rs60	rs60	1	60	A	C	250	0.196	-0.502082	0.0500124	0.27683	0.220329	0.0247618	0.555349	0.0679665
rs61	rs61	1	61	A	C	250	0.354	0.0252265	0.0347075	0.197088	0.154839	0.892289	0.616467	0.874322
rs62	rs62	1	62	A	C	250	0.176	-0.116273	0.0662661	0.0782846	0.324725	0.651498	0.890732	0.895059
rs63	rs63	1	63	A	C	250	0.39	0.051455	0.0327258	0.192309	0.158407	0.776078	0.628965	0.855317
rs64	rs64	1	64	A	C	250	0.298	-0.287252	0.0376181	0.939527	0.173113	0.138597	0.0239391	0.0255174
rs65	rs65	1	65	A	C	250	0.388	-0.185497	0.0356913	-0.369201	0.15666	0.326161	0.35093	0.391492
rs66	rs66	1	66	A	C	250	0.164	0.323435	0.0641345	0.297121	0.321693	0.20155	0.600378	0.404935
rs67	rs67	1	67	A	C	250	0.38	0.0314611	0.0374285	-0.111151	0.165546	0.870818	0.784713	0.950732
rs68	rs68	1	68	A	C	250	0.132	-0.186541	0.0809381	-0.385279	0.392768	0.512024	0.538712	0.659857
rs69	rs69	1	69	A	C	250	0.252	-0.0120012	0.0421345	0.692822	0.18463	0.953377	0.106877	0.272068
rs70	rs70	1	70	A	C	250	0.338	-0.184785	0.0400691	-0.278943	0.172955	0.35594	0.502391	0.523504
rs71	rs71	1	71	A	C	250	0.32	-0.0532831	0.0380734	0.236828	0.164957	0.784797	0.559822	0.816258
rs72	rs72	1	72	A	C	250	0.314	0.00210168	0.0377986	-0.524569	0.166707	0.991375	0.198872	0.438047
rs73	rs73	1	73	A	C	250	0.192	0.135965	0.0531541	-0.426293	0.241746	0.555367	0.385932	0.581419
rs74	rs74	1	74	A	C	250	0.222	-0.292347	0.0466736	-0.24222	0.200225	0.17599	0.58829	0.332974
rs75	rs75	1	75	A	C	250	0.116	0.202576	0.0845179	0.0735227	0.403045	0.485922	0.907803	0.780048
rs76	rs76	1	76	A	C	250	0.254	0.0377354	0.0465336	0.034494	0.192892	0.861134	0.937399	0.981585
rs77	rs77	1	77	A	C	250	0.406	-0.0412613	0.0333829	0.00621934	0.153162	0.821334	0.987321	0.974716
rs78	rs78	1	78	A	C	250	0.292	0.284466	0.0379001	0.058465	0.178108	0.14396	0.889819	0.340227
rs79	rs79	1	79	A	C	250	0.262	0.17071	0.0413344	0.332273	0.205894	0.401099	0.464002	0.546447
rs80	rs80	1	80	A	C	250	0.152	-0.704612	0.0638653	-0.818018	0.286986	0.00530089	0.126767	0.00571787
rs81	rs81	1	81	A	C	250	0.364	0.0258886	0.0378706	0.68097	0.174402	0.894168	0.10297	0.260539
rs82	rs82	1	82	A	C	250	0.256	-0.339761	0.039408	-0.540896	0.167758	0.0869861	0.186634	0.0912658
rs83	rs83	1	83	A	C	250	0.106	-0.735347	0.0878983	-0.550505	0.424119	0.0131276	0.397936	0.0310803
rs84	rs84	1	84	A	C	250	0.11	-0.586476	0.0943768	-0.157981	0.3779	0.0562557	0.797187	0.152115
rs85	rs85	1	85	A	C	250	0.156	-0.0634395	0.0625851	0.472058	0.358213	0.799816	0.430273	0.709986
rs86	rs86	1	86	A	C	250	0.176	-0.381254	0.0530177	-0.877961	0.231375	0.0977654	0.0679666	0.0439366
rs87	rs87	1	87	A	C	250	0.33	-0.150938	0.03466	0.392709	0.157516	0.417512	0.322428	0.445802
rs88	rs88	1	88	A	C	250	0.24	-0.113149	0.0440542	-0.882899	0.236009	0.589828	0.0691586	0.166646
rs89	rs89	1	89	A	C	250	0.304	-0.270506	0.0381534	0.722856	0.173805	0.166091	0.0829383	0.0866906
rs90	rs90	1	90	A	C	250	0.112	-0.337577	0.0866838	-0.406998	0.387159	0.251556	0.513044	0.410424
rs91	rs91	1	91	A	C	250	0.402	-0.109816	0.0329814	-0.433703	0.168499	0.545385	0.290713	0.476476
rs92	rs92	1	92	A	C	250	0.31	0.437056	0.0395925	-0.0911623	0.204119	0.0280564	0.84009	0.0870682
rs93	rs93	1	93	A	C	250	0.126	-0.0215753	0.0751388	0.575322	0.381325	0.937264	0.351506	0.644238
rs94	rs94	1	94	A	C	250	0.278	0.0330947	0.0452295	0.50594	0.213908	0.876338	0.273989	0.543959
rs95	rs95	1	95	A	C	250	0.294	0.071014	0.0403005	0.159221	0.168667	0.723531	0.698245	0.866893
rs96	rs96	1	96	A	C	250	0.28	0.253129	0.0364279	0.633566	0.171563	0.184758	0.126114	0.129452
rs97	rs97	1	97	A	C	250	0.328	0.0626191	0.0398626	0.292476	0.176403	0.753799	0.4862	0.747752
rs98	rs98	1	98	A	C	250	0.326	0.098203	0.0349777	0.341546	0.153104	0.599524	0.382727	0.588182
rs99	rs99	1	99	A	C	250	0.14	0.410737	0.0709376	-0.524251	0.297678	0.123038	0.336616	0.198218
rs100	rs100	1	100	A	C	250	0.194	-0.121505	0.0564441	-0.734435	0.260103	0.60905	0.14985	0.309288
rs101	rs101	1	101	A	C	250	0.396	-0.00532816	0.0333808	-0.418959	0.149563	0.976735	0.278664	0.555632
rs102	rs102	1	102	A	C	250	0.38	0.0898783	0.0319697	-0.15199	0.163362	0.615194	0.706884	0.821725
rs103	rs103	1	103	A	C	250	0.162	0.356751	0.0620883	0.653157	0.287526	0.152222	0.22319	0.181357
rs104	rs104	1	104	A	C	250	0.282	0.0594526	0.0366937	0.198976	0.185616	0.756282	0.644195	0.857378
rs105	rs105	1	105	A	C	250	0.244	-0.197754	0.0495327	0.769123	0.23008	0.374247	0.108835	0.188796
rs106	rs106	1	106	A	C	250	0.224	0.21911	0.045365	0.0240231	0.220199	0.303607	0.959171	0.589061
rs107	rs107	1	107	A	C	250	0.292	-0.353565	0.0398742	0.461628	0.18359	0.0766251	0.281311	0.108264
rs108	rs108	1	108	A	C	250	0.09	-0.12533	0.112208	-0.506306	0.467608	0.708294	0.459051	0.700942
rs109	rs109	1	109	A	C	250	0.142	-0.283961	0.0664336	-0.277127	0.343787	0.27059	0.636467	0.493455
rs110	rs110	1	110	A	C	250	0.402	0.148319	0.0355043	0.688477	0.175826	0.431195	0.10061	0.184594
rs111	rs111	1	111	A	C	250	0.384	0.28869	0.0347359	0.051688	0.180585	0.12139	0.90319	0.299974
rs112	rs112	1	112	A	C	250	0.248	-0.21377	0.0421185	0.555596	0.189703	0.297586	0.202089	0.260467
rs113	rs113	1	113	A	C	250	0.214	0.298077	0.0522205	0.453486	0.247991	0.192101	0.362486	0.275854
rs114	rs114	1	114	A	C	250	0.206	-0.335983	0.0516453	-0.540459	0.226398	0.139292	0.256013	0.169285
rs115	rs115	1	115	A	C	250	0.248	0.285671	0.0426872	-0.180957	0.203232	0.166768	0.688125	0.350536
rs116	rs116	1	116	A	C	250	0.392	0.0586468	0.0346437	-0.630092	0.15255	0.752694	0.106693	0.259402
rs117	rs117	1	117	A	C	250	0.16	-0.0154406	0.0554108	-0.31042	0.248101	0.947701	0.533146	0.821449
rs118	rs118	1	118	A	C	250	0.278	0.238561	0.0455363	0.124636	0.230413	0.263591	0.795133	0.513224
rs119	rs119	1	119	A	C	250	0.288	-0.12676	0.0338239	-0.283754	0.154731	0.490672	0.470687	0.604594
rs120	rs120	1	120	A	C	250	0.33	0.124439	0.0329106	-0.132035	0.152612	0.49275	0.735375	0.746569
rs121	rs121	1	121	A	C	250	0.346	-0.112048	0.0361959	-0.673294	0.1671	0.5559	0.0995404	0.212857
rs122	rs122	1	122	A	C	250	0.238	-0.072989	0.0431308	0.0659639	0.193935	0.725251	0.880931	0.93088
rs123	rs123	1	123	A	C	250	0.248	0.103008	0.042722	0.0841703	0.200531	0.618228	0.850907	0.866278
rs124	rs124	1	124	A	C	250	0.298	0.17653	0.0394938	-0.610013	0.166415	0.374387	0.134823	0.227265
rs125	rs125	1	125	A	C	250	0.374	-0.0583981	0.0382788	0.0541111	0.167172	0.765335	0.894712	0.94844
rs126	rs126	1	126	A	C	250	0.298	0.0879401	0.0401039	-0.00684618	0.190073	0.660567	0.987471	0.907788
rs127	rs127	1	127	A	C	250	0.398	0.199096	0.037375	-0.0528993	0.180631	0.303082	0.900946	0.58381
rs128	rs128	1	128	A	C	250	0.378	-0.309401	0.0389051	-0.411371	0.194555	0.116736	0.351008	0.185801
rs129	rs129	1	129	A	C	250	0.206	-0.00701804	0.0500188	0.255925	0.240453	0.974967	0.601732	0.872419
rs130	rs130	1	130	A	C	250	0.352	-0.311927	0.0376475	0.197686	0.177145	0.107917	0.638576	0.249281
rs131	rs131	1	131	A	C	250	0.296	0.119301	0.0400098	0.139807	0.181176	0.550887	0.742565	0.788841
rs132	rs132	1	132	A	C	250	0.216	-0.453868	0.0472273	0.0414059	0.20853	0.0367532	0.927753	0.112646
rs133	rs133	1	133	A	C	250	0.168	-0.17033	0.057402	0.335319	0.293691	0.477127	0.536083	0.640682
rs134	rs134	1	134	A	C	250	0.366	-0.30651	0.0389903	-0.293371	0.193811	0.120598	0.505162	0.242425
rs135	rs135	1	135	A	C	250	0.278	0.464154	0.0443143	-1.12125	0.183369	0.0274608	0.00883404	0.00308291
rs136	rs136	1	136	A	C	250	0.33	-0.00344955	0.0413309	0.350169	0.172269	0.986462	0.398852	0.700517
rs137	rs137	1	137	A	C	250	0.126	0.440478	0.0723764	-0.425193	0.307146	0.10157	0.442957	0.188591
rs138	rs138	1	138	A	C	250	0.106	0.028692	0.080117	-0.600933	0.348626	0.919259	0.308791	0.592194
rs139	rs139	1	139	A	C	250	0.296	-0.0842741	0.041091	0.306384	0.197352	0.677601	0.490398	0.722744
rs140	rs140	1	140	A	C	250	0.298	0.0767065	0.0373619	-0.658459	0.167495	0.691484	0.107639	0.254299
rs141	rs141	1	141	A	C	250	0.302	-0.163808	0.0379632	0.853063	0.174676	0.400502	0.0412409	0.0855764
rs142	rs142	1	142	A	C	250	0.158	-0.122831	0.067273	-0.828984	0.337249	0.635805	0.153441	0.321749
rs143	rs143	1	143	A	C	250	0.376	0.155323	0.0386943	0.799904	0.18032	0.429755	0.0596031	0.120161
rs144	rs144	1	144	A	C	250	0.252	0.272554	0.042059	0.0672041	0.241564	0.183851	0.89124	0.410153
rs145	rs145	1	145	A	C	250	0.412	0.109751	0.0347136	0.476638	0.176184	0.555821	0.256147	0.438742
rs146	rs146	1	146	A	C	250	0.282	0.120218	0.0424081	-0.450539	0.191877	0.559371	0.303696	0.502813
rs147	rs147	1	147	A	C	250	0.328	-0.0858888	0.035179	-0.599074	0.155981	0.647006	0.129303	0.282937
rs148	rs148	1	148	A	C	250	0.296	0.331981	0.0389787	-0.372076	0.171236	0.0926639	0.368571	0.164358
rs149	rs149	1	149	A	C	250	0.384	0.093487	0.0332924	0.165723	0.14786	0.608396	0.666483	0.79969
rs150	rs150	1	150	A	C	250	0.102	-0.204185	0.103953	0.667806	0.531454	0.526541	0.359642	0.529792
rs151	rs151	1	151	A	C	250	0.254	-0.193181	0.0431032	0.732795	0.191846	0.352119	0.0943194	0.160382
rs152	rs152	1	152	A	C	250	0.1	0.291818	0.0861843	0.377488	0.513662	0.320211	0.598401	0.532267
rs153	rs153	1	153	A	C	250	0.396	-0.346577	0.0345614	0.353366	0.156346	0.062287	0.371493	0.121233
rs154	rs154	1	154	A	C	250	0.244	0.141848	0.0431622	-0.264609	0.276499	0.494754	0.61481	0.69545
rs155	rs155	1	155	A	C	250	0.384	-0.0430813	0.0413831	-0.33002	0.180722	0.832281	0.437566	0.722743
rs156	rs156	1	156	A	C	250	0.264	-0.0324671	0.0430531	-0.166267	0.191375	0.87566	0.703893	0.919077
rs157	rs157	1	157	A	C	250	0.258	-0.0364597	0.0482541	0.0179088	0.226147	0.868176	0.969959	0.985833
rs158	rs158	1	158	A	C	250	0.256	-0.105999	0.043318	0.00732752	0.182827	0.610546	0.986327	0.878247
rs159	rs159	1	159	A	C	250	0.186	0.284192	0.0501665	0.191323	0.232873	0.2045	0.69176	0.418815
rs160	rs160	1	160	A	C	250	0.112	-0.043609	0.0880821	-5.74467e-05	0.368474	0.883181	0.999924	0.989261
rs161	rs161	1	161	A	C	250	0.264	0.110684	0.0420201	0.445547	0.194358	0.589229	0.312194	0.510275
rs162	rs162	1	162	A	C	250	0.274	0.218783	0.041273	0.202943	0.192302	0.281518	0.643517	0.510604
rs163	rs163	1	163	A	C	250	0.322	-0.100095	0.0392818	-0.164686	0.176834	0.613538	0.695333	0.815833
rs164	rs164	1	164	A	C	250	0.284	0.153858	0.0428315	0.0165781	0.196511	0.457223	0.970168	0.75793
rs165	rs165	1	165	A	C	250	0.386	0.103493	0.0343366	-0.190822	0.160491	0.576496	0.633843	0.766861
rs166	rs166	1	166	A	C	250	0.346	-0.0046943	0.037693	-0.280539	0.171039	0.98071	0.497559	0.794241
rs167	rs167	1	167	A	C	250	0.118	0.464195	0.0756595	0.933359	0.387309	0.0914886	0.133678	0.0786254
rs168	rs168	1	168	A	C	250	0.402	0.124736	0.0358248	-0.168421	0.161365	0.50988	0.675021	0.74272
rs169	rs169	1	169	A	C	250	0.32	0.142298	0.0410021	-0.526844	0.191778	0.482216	0.228957	0.387115
rs170	rs170	1	170	A	C	250	0.32	-0.111501	0.0363123	0.10827	0.161786	0.55846	0.787794	0.812964
rs171	rs171	1	171	A	C	250	0.148	0.0611332	0.0710877	0.117703	0.331789	0.818646	0.838086	0.952179
rs172	rs172	1	172	A	C	250	0.126	0.326392	0.0837747	0.410649	0.351182	0.259459	0.488338	0.411829
rs173	rs173	1	173	A	C	250	0.264	-0.205868	0.0459399	-0.174202	0.212138	0.336807	0.705267	0.59057
rs174	rs174	1	174	A	C	250	0.092	-0.253203	0.0964194	0.297526	0.434033	0.414827	0.65155	0.644069
rs175	rs175	1	175	A	C	250	0.376	-0.0543816	0.0338545	0.509188	0.153315	0.767567	0.193455	0.409095
rs176	rs176	1	176	A	C	250	0.298	-0.387633	0.0398518	0.691898	0.168239	0.0521654	0.0916303	0.0351396
rs177	rs177	1	177	A	C	250	0.284	0.19944	0.0455911	0.103153	0.245568	0.350275	0.835104	0.635326
rs178	rs178	1	178	A	C	250	0.126	-0.557236	0.0787805	0.395224	0.37498	0.0471094	0.518658	0.112272
rs179	rs179	1	179	A	C	250	0.378	-0.0184503	0.0375006	-0.00443206	0.180549	0.924096	0.991678	0.995427
rs180	rs180	1	180	A	C	250	0.282	0.256772	0.0407342	-0.197299	0.185019	0.203289	0.646458	0.404903
rs181	rs181	1	181	A	C	250	0.252	0.127969	0.0426007	-0.394061	0.196829	0.535253	0.374424	0.558949
rs182	rs182	1	182	A	C	250	0.146	-0.191072	0.0706134	-0.259987	0.295748	0.472117	0.632601	0.692668
rs183	rs183	1	183	A	C	250	0.264	0.154659	0.0405146	-0.0179025	0.211406	0.442269	0.968941	0.743976
rs184	rs184	1	184	A	C	250	0.184	-0.0512519	0.0529879	-0.184583	0.236212	0.823808	0.704103	0.908931
rs185	rs185	1	185	A	C	250	0.148	0.481455	0.0677923	-0.0336413	0.303906	0.0644404	0.95134	0.18093
rs186	rs186	1	186	A	C	250	0.356	0.080322	0.0330809	0.309095	0.155383	0.658766	0.432962	0.662578
rs187	rs187	1	187	A	C	250	0.294	-0.33986	0.0388689	-0.938541	0.191709	0.084735	0.0320693	0.0214758
rs188	rs188	1	188	A	C	250	0.274	-0.103174	0.040257	0.562731	0.192846	0.607097	0.200042	0.385633
rs189	rs189	1	189	A	C	250	0.338	-0.211032	0.0397221	0.612085	0.187186	0.28967	0.157146	0.204067
rs190	rs190	1	190	A	C	250	0.35	-0.0116776	0.0351288	1.03636	0.175987	0.95032	0.0134955	0.0470965
rs191	rs191	1	191	A	C	250	0.11	0.260837	0.0790887	1.15284	0.675424	0.353669	0.160689	0.250806
rs192	rs192	1	192	A	C	250	0.21	0.00113449	0.0554629	0.191211	0.259744	0.996156	0.707526	0.932037
rs193	rs193	1	193	A	C	250	0.194	0.289709	0.0504083	-1.02263	0.255469	0.196925	0.0430469	0.0518018
rs194	rs194	1	194	A	C	250	0.286	0.141366	0.0419075	0.468755	0.19201	0.489845	0.28473	0.448344
rs195	rs195	1	195	A	C	250	0.268	-0.270804	0.0489199	0.0254721	0.218159	0.220813	0.956509	0.472203
rs196	rs196	1	196	A	C	250	0.306	-0.10351	0.0404116	0.0132975	0.201002	0.606617	0.976338	0.875671
rs197	rs197	1	197	A	C	250	0.164	-0.0252446	0.0544539	0.362432	0.290947	0.913851	0.501633	0.792341
rs198	rs198	1	198	A	C	250	0.244	0.435309	0.044724	0.6248	0.204289	0.0395528	0.166863	0.0492186
rs199	rs199	1	199	A	C	250	0.128	0.0674046	0.0746653	-0.487266	0.330688	0.805158	0.396807	0.673123
rs200	rs200	1	200	A	C	250	0.152	-0.37619	0.0598346	-0.269467	0.279911	0.12407	0.610524	0.270526
rs201	rs201	1	201	A	C	250	0.316	-0.127668	0.0383988	-0.530499	0.166655	0.514717	0.193774	0.34231
rs202	rs202	1	202	A	C	250	0.232	0.000661678	0.0451188	-0.720438	0.243137	0.997515	0.143996	0.343872
rs203	rs203	1	203	A	C	250	0.42	0.126434	0.0351185	0.216136	0.154814	0.499882	0.582789	0.679579
rs204	rs204	1	204	A	C	250	0.188	0.0752235	0.051555	0.921437	0.207699	0.74042	0.0431921	0.122446
rs205	rs205	1	205	A	C	250	0.37	-0.197654	0.0357603	-0.529633	0.152077	0.295925	0.174421	0.228527
rs206	rs206	1	206	A	C	250	0.284	0.0812205	0.0380326	0.557473	0.176987	0.677063	0.185133	0.385645
rs207	rs207	1	207	A	C	250	0.394	-0.0304061	0.0335349	0.0279841	0.16642	0.868125	0.94531	0.983947
rs208	rs208	1	208	A	C	250	0.414	-0.224879	0.03339	-0.738837	0.169708	0.218446	0.0728959	0.0947329
rs209	rs209	1	209	A	C	250	0.186	-0.149526	0.0545561	0.71722	0.251937	0.522063	0.153029	0.289076
rs210	rs210	1	210	A	C	250	0.21	0.39395	0.0472877	0.285903	0.200672	0.0700454	0.523326	0.158996
rs211	rs211	1	211	A	C	250	0.334	-0.0608334	0.0358131	-0.0748499	0.165156	0.747865	0.853872	0.933596
rs212	rs212	1	212	A	C	250	0.148	-0.0188711	0.0597633	0.0673939	0.264376	0.93847	0.895719	0.988655
rs213	rs213	1	213	A	C	250	0.388	0.272479	0.0363368	0.14911	0.153368	0.152885	0.703389	0.331471
rs214	rs214	1	214	A	C	250	0.18	0.123091	0.0597069	-0.580048	0.281679	0.614437	0.27443	0.488305
rs215	rs215	1	215	A	C	250	0.242	-0.210771	0.0456363	0.0477902	0.224186	0.323824	0.919603	0.611397
rs216	rs216	1	216	A	C	250	0.168	0.0491118	0.0575581	0.700905	0.235482	0.837801	0.148633	0.340724
rs217	rs217	1	217	A	C	250	0.204	-0.207649	0.0460863	-0.305464	0.216872	0.333413	0.511869	0.499827
rs218	rs218	1	218	A	C	250	0.11	-0.095817	0.0785019	0.272343	0.482919	0.732365	0.69513	0.876095
rs219	rs219	1	219	A	C	250	0.212	-0.123127	0.0516296	0.36737	0.251891	0.5879	0.464182	0.663777
rs220	rs220	1	220	A	C	250	0.354	-0.0838611	0.0364369	-0.811987	0.168776	0.660423	0.0480997	0.128573
rs221	rs221	1	221	A	C	250	0.168	0.434216	0.0578901	-0.808498	0.266926	0.0711221	0.117609	0.0601257
rs222	rs222	1	222	A	C	250	0.346	0.398048	0.0372039	-0.122362	0.167807	0.0390485	0.765166	0.115085
rs223	rs223	1	223	A	C	250	0.284	-0.459895	0.0348797	-0.0292225	0.170645	0.0137981	0.943604	0.0481371
rs224	rs224	1	224	A	C	250	0.132	-0.256383	0.0826138	0.643911	0.386148	0.372395	0.300103	0.389995
rs225	rs225	1	225	A	C	250	0.2	0.139346	0.0529358	0.350441	0.228951	0.54475	0.46393	0.632251
rs226	rs226	1	226	A	C	250	0.128	0.391174	0.0745234	0.451907	0.378718	0.151879	0.462748	0.280773
rs227	rs227	1	227	A	C	250	0.134	0.070167	0.0697406	0.305256	0.30449	0.790471	0.58013	0.829885
rs228	rs228	1	228	A	C	250	0.394	-0.184902	0.0321135	0.231949	0.15433	0.302163	0.554904	0.493336
rs229	rs229	1	229	A	C	250	0.224	0.194586	0.0455208	-0.0610932	0.204946	0.361754	0.892651	0.654848
rs230	rs230	1	230	A	C	250	0.15	0.147282	0.0708211	0.171198	0.312594	0.579965	0.75945	0.814761
rs231	rs231	1	231	A	C	250	0.172	0.317633	0.0579122	0.156282	0.249436	0.186869	0.754343	0.402842
rs232	rs232	1	232	A	C	250	0.244	-0.161399	0.0444907	0.35333	0.20177	0.44416	0.431518	0.546971
rs233	rs233	1	233	A	C	250	0.162	-0.307987	0.0639209	-0.293876	0.286684	0.223156	0.583101	0.399505
rs234	rs234	1	234	A	C	250	0.368	0.0880206	0.0346151	-0.331605	0.164383	0.636143	0.413423	0.637453
rs235	rs235	1	235	A	C	250	0.212	0.294163	0.0500813	-0.618855	0.217101	0.188689	0.184118	0.177144
rs236	rs236	1	236	A	C	250	0.342	-0.0558095	0.0379555	0.286039	0.164951	0.774522	0.481256	0.747111
rs237	rs237	1	237	A	C	250	0.116	-0.123816	0.0735891	0.103513	0.344903	0.648084	0.860092	0.888793
rs238	rs238	1	238	A	C	250	0.286	0.127441	0.0411651	0.195269	0.196225	0.529925	0.659348	0.746025
rs239	rs239	1	239	A	C	250	0.378	-0.0836926	0.0336701	0.323565	0.154036	0.648315	0.409698	0.641967
rs240	rs240	1	240	A	C	250	0.272	-0.117607	0.043957	-0.188078	0.189198	0.574836	0.665455	0.776593
rs241	rs241	1	241	A	C	250	0.126	0.122041	0.0755534	0.0775316	0.383148	0.657046	0.900322	0.898402
rs242	rs242	1	242	A	C	250	0.242	0.13964	0.0424397	-0.486652	0.182388	0.497875	0.254488	0.423071
rs243	rs243	1	243	A	C	250	0.374	0.0245911	0.0343031	0.390588	0.163562	0.894373	0.334155	0.621109
rs244	rs244	1	244	A	C	250	0.368	-0.0373995	0.0355229	-0.494874	0.156726	0.842707	0.211285	0.445721
rs245	rs245	1	245	A	C	250	0.334	0.00180219	0.0353786	0.119919	0.151684	0.992355	0.758155	0.953678
rs246	rs246	1	246	A	C	250	0.24	-0.101786	0.0425707	0.160721	0.200454	0.621785	0.719613	0.82918
rs247	rs247	1	247	A	C	250	0.336	0.227684	0.0366963	-0.192495	0.18062	0.234613	0.650595	0.439857
rs248	rs248	1	248	A	C	250	0.154	-0.0224386	0.0680783	-0.910126	0.319916	0.931467	0.107594	0.27105
rs249	rs249	1	249	A	C	250	0.37	-0.280845	0.0360426	-0.347734	0.148518	0.139058	0.36689	0.221519
rs250	rs250	1	250	A	C	250	0.42	0.301654	0.0320396	-0.213866	0.162045	0.0919392	0.595224	0.21001
rs251	rs251	1	251	A	C	250	0.272	-0.286261	0.0430403	-0.0865492	0.18479	0.167641	0.840435	0.375006
rs252	rs252	1	252	A	C	250	0.232	-0.0195879	0.0445534	0.152686	0.223298	0.926063	0.746608	0.945692
rs253	rs253	1	253	A	C	250	0.218	-0.1845	0.0466969	-0.758393	0.201253	0.39322	0.0909266	0.168073
rs254	rs254	1	254	A	C	250	0.336	-0.137231	0.0367809	0.261259	0.168424	0.474267	0.524383	0.631965
rs255	rs255	1	255	A	C	250	0.124	0.128822	0.076042	0.387866	0.314246	0.640386	0.488996	0.707622
rs256	rs256	1	256	A	C	250	0.332	0.318284	0.037303	-0.00751329	0.167842	0.0993637	0.985368	0.257089
rs257	rs257	1	257	A	C	250	0.322	0.0617279	0.0372761	-0.490382	0.171683	0.749183	0.236608	0.474072
rs258	rs258	1	258	A	C	250	0.28	-0.189147	0.0375687	-0.615372	0.177045	0.329135	0.143604	0.208711
rs259	rs259	1	259	A	C	250	0.148	0.496425	0.0734628	-0.120077	0.312962	0.0670176	0.830047	0.183998
rs260	rs260	1	260	A	C	250	0.17	0.0291653	0.0599287	0.726681	0.308622	0.905166	0.19085	0.420918
rs261	rs261	1	261	A	C	250	0.274	0.230646	0.0405842	1.24366	0.192727	0.252251	0.00461282	0.00966006
rs262	rs262	1	262	A	C	250	0.122	0.559333	0.0811687	0.419314	0.363099	0.0496169	0.486512	0.117946
rs263	rs263	1	263	A	C	250	0.378	0.0947734	0.0367402	0.412023	0.163855	0.620994	0.30874	0.523345
rs264	rs264	1	264	A	C	250	0.184	-0.235966	0.0613637	0.429031	0.271022	0.340811	0.409875	0.45161
rs265	rs265	1	265	A	C	250	0.43	0.386335	0.0335522	-0.249789	0.167033	0.0349334	0.541079	0.0875936
rs266	rs266	1	266	A	C	250	0.342	-0.0631957	0.0373576	0.307095	0.168204	0.743696	0.453989	0.718178
rs267	rs267	1	267	A	C	250	0.116	-0.463082	0.0851021	-0.797286	0.499861	0.112421	0.259451	0.14861
rs268	rs268	1	268	A	C	250	0.192	-0.148858	0.0526251	0.837879	0.28002	0.516404	0.113333	0.23414
rs269	rs269	1	269	A	C	250	0.31	-0.00494705	0.0354316	-0.100453	0.152329	0.979033	0.796888	0.966891
rs270	rs270	1	270	A	C	250	0.122	0.0663547	0.0801511	0.457083	0.329928	0.814692	0.426168	0.70563
rs271	rs271	1	271	A	C	250	0.372	-0.138588	0.0357777	-0.286675	0.167881	0.463749	0.484138	0.594795
rs272	rs272	1	272	A	C	250	0.272	-0.130302	0.0369369	-0.546946	0.205706	0.49778	0.227846	0.387363
rs273	rs273	1	273	A	C	250	0.216	-0.282005	0.0460084	0.028356	0.237114	0.188599	0.953563	0.419854
rs274	rs274	1	274	A	C	250	0.172	0.414734	0.0579365	0.337993	0.287496	0.0848823	0.528456	0.183753
rs275	rs275	1	275	A	C	250	0.234	0.0881473	0.0469517	-0.344863	0.206086	0.684153	0.447455	0.686164
rs276	rs276	1	276	A	C	250	0.254	-0.17135	0.0423232	-0.482895	0.195736	0.404899	0.275059	0.388126
rs277	rs277	1	277	A	C	250	0.336	0.00843903	0.0369503	0.191043	0.165374	0.964983	0.638509	0.894529
rs278	rs278	1	278	A	C	250	0.286	0.190416	0.0394782	0.31429	0.19115	0.337885	0.472229	0.495761
rs279	rs279	1	279	A	C	250	0.272	0.0708449	0.0439012	0.194869	0.205669	0.735273	0.667419	0.861788
rs280	rs280	1	280	A	C	250	0.328	0.141536	0.0369176	0.308507	0.174382	0.461347	0.460042	0.586593
rs281	rs281	1	281	A	C	250	0.262	0.0309689	0.0420795	0.859919	0.20034	0.879999	0.0547058	0.156285
rs282	rs282	1	282	A	C	250	0.146	-0.0663446	0.0682201	-0.870122	0.303174	0.799489	0.114043	0.276371
rs283	rs283	1	283	A	C	250	0.296	-0.0936769	0.0416255	-0.208396	0.208486	0.646128	0.648099	0.809344
rs284	rs284	1	284	A	C	250	0.316	-0.0292033	0.0374142	0.00894202	0.176143	0.879993	0.983002	0.988438
rs285	rs285	1	285	A	C	250	0.204	-0.0106632	0.0546681	0.234216	0.22245	0.963624	0.619475	0.88355
rs286	rs286	1	286	A	C	250	0.32	0.45015	0.0372975	0.251125	0.18127	0.0197603	0.555305	0.059197
rs287	rs287	1	287	A	C	250	0.382	-0.240297	0.0319806	0.345895	0.141267	0.179042	0.357422	0.26652
rs288	rs288	1	288	A	C	250	0.306	0.317679	0.0404428	-0.117487	0.170269	0.114181	0.775858	0.278861
rs289	rs289	1	289	A	C	250	0.154	0.174233	0.0627433	0.514472	0.323604	0.486692	0.36579	0.521308
rs290	rs290	1	290	A	C	250	0.37	0.220697	0.0443051	0.323441	0.19692	0.294406	0.466082	0.4503
rs291	rs291	1	291	A	C	250	0.306	0.141236	0.040994	-0.0486	0.241271	0.485448	0.921184	0.780599
rs292	rs292	1	292	A	C	250	0.238	-0.278638	0.0468731	-0.418652	0.263005	0.198094	0.414306	0.31688
rs293	rs293	1	293	A	C	250	0.106	-0.0965166	0.0932758	0.674991	0.381288	0.751986	0.274337	0.519707
rs294	rs294	1	294	A	C	250	0.254	-0.0182247	0.0392023	0.266795	0.184049	0.926662	0.534017	0.820086
rs295	rs295	1	295	A	C	250	0.286	-0.1203	0.0415415	0.218254	0.191211	0.555032	0.617694	0.734173
rs296	rs296	1	296	A	C	250	0.14	-0.145306	0.0720542	0.827697	0.307159	0.588286	0.13532	0.279439
rs297	rs297	1	297	A	C	250	0.176	0.0473136	0.0553935	-0.0260475	0.238564	0.840677	0.95747	0.979134
rs298	rs298	1	298	A	C	250	0.186	0.0420395	0.0562047	-0.258628	0.325614	0.859253	0.650379	0.889032
rs299	rs299	1	299	A	C	250	0.256	0.0348377	0.0452981	-0.583894	0.234188	0.869979	0.227599	0.47661
rs300	rs300	1	300	A	C	250	0.324	0.35736	0.0364868	-0.194135	0.178027	0.0613666	0.645438	0.156512
rs301	rs301	1	301	A	C	250	0.188	0.0481253	0.0630893	-0.0378104	0.31048	0.848055	0.945899	0.979734
rs302	rs302	1	302	A	C	250	0.286	0.107498	0.0427009	-0.0642276	0.187809	0.602914	0.882181	0.864049
rs303	rs303	1	303	A	C	250	0.14	-0.367641	0.0682634	-0.0120228	0.342147	0.159393	0.983601	0.371253
rs304	rs304	1	304	A	C	250	0.158	-0.0236803	0.0600417	-0.366399	0.280352	0.923012	0.48894	0.784726
rs305	rs305	1	305	A	C	250	0.314	-0.00693782	0.0378356	0.0495141	0.169425	0.971547	0.904251	0.992186
rs306	rs306	1	306	A	C	250	0.312	0.194017	0.0426917	0.247344	0.210143	0.347727	0.589497	0.552519
rs307	rs307	1	307	A	C	250	0.206	-0.193033	0.0486883	0.30573	0.220084	0.381671	0.514598	0.560608
rs308	rs308	1	308	A	C	250	0.26	0.536362	0.0405414	0.349659	0.182344	0.0077254	0.412878	0.0197822
rs309	rs309	1	309	A	C	250	0.29	0.584418	0.0416032	0.798297	0.19863	0.00416698	0.0732621	0.00335936
rs310	rs310	1	310	A	C	250	0.176	0.134684	0.0535418	-0.146863	0.222533	0.560525	0.755552	0.806128
rs311	rs311	1	311	A	C	250	0.166	-0.165119	0.0563228	0.0363293	0.255554	0.486584	0.94271	0.782393
rs312	rs312	1	312	A	C	250	0.264	-0.150955	0.0375725	-1.03381	0.212671	0.436113	0.0249776	0.0616164
rs313	rs313	1	313	A	C	250	0.38	-0.00208905	0.0365456	0.832934	0.171266	0.991281	0.0441483	0.131815
rs314	rs314	1	314	A	C	250	0.274	0.00766648	0.0398096	0.461545	0.184019	0.96935	0.28196	0.560158
rs315	rs315	1	315	A	C	250	0.136	-0.631479	0.075855	-0.00480548	0.366813	0.0218594	0.993669	0.0720814
rs316	rs316	1	316	A	C	250	0.264	-0.00936181	0.0479122	0.405506	0.211586	0.965885	0.378012	0.677619
rs317	rs317	1	317	A	C	250	0.254	0.0362234	0.0441351	-0.0499896	0.200478	0.863104	0.911104	0.978557
rs318	rs318	1	318	A	C	250	0.126	-0.03797	0.074994	0.147664	0.357856	0.889725	0.80503	0.96083
rs319	rs319	1	319	A	C	250	0.284	-0.455321	0.0434894	0.35836	0.197378	0.0290091	0.419884	0.0656133
rs320	rs320	1	320	A	C	250	0.158	0.153733	0.0537016	-0.271376	0.221417	0.507076	0.564127	0.678451
rs321	rs321	1	321	A	C	250	0.188	0.195752	0.0525643	0.0811421	0.235298	0.39321	0.867152	0.684125
rs322	rs322	1	322	A	C	250	0.23	0.339034	0.0444466	-0.311453	0.20616	0.107804	0.492747	0.222387
rs323	rs323	1	323	A	C	250	0.304	-0.0428232	0.0446079	0.759414	0.202014	0.839326	0.091102	0.235577
rs324	rs324	1	324	A	C	250	0.198	0.121722	0.0464761	0.199209	0.217361	0.572335	0.669172	0.781922
rs325	rs325	1	325	A	C	250	0.114	-0.123619	0.0768055	0.729311	0.373736	0.655557	0.23288	0.43932
rs326	rs326	1	326	A	C	250	0.362	-0.105448	0.0354328	0.577606	0.184908	0.575349	0.179194	0.350749
rs327	rs327	1	327	A	C	250	0.132	0.570201	0.0782935	0.239763	0.366908	0.0415684	0.692234	0.116339
rs328	rs328	1	328	A	C	250	0.164	-0.510124	0.0560005	0.543516	0.25491	0.0311105	0.281699	0.0571828
rs329	rs329	1	329	A	C	250	0.298	0.288304	0.0393907	-0.235417	0.189601	0.146328	0.588748	0.302338
rs330	rs330	1	330	A	C	250	0.19	0.142992	0.0546247	0.458421	0.269695	0.540663	0.377383	0.563231
rs331	rs331	1	331	A	C	250	0.366	-0.0283116	0.034024	0.045816	0.154948	0.878014	0.907342	0.981522
rs332	rs332	1	332	A	C	250	0.33	-0.0260266	0.0366088	-0.812208	0.171491	0.8918	0.0498428	0.144194
rs333	rs333	1	333	A	C	250	0.188	-0.147645	0.0450045	-0.111365	0.212627	0.486447	0.809157	0.758035
rs334	rs334	1	334	A	C	250	0.198	-0.0888758	0.0532792	-0.0180308	0.249596	0.700209	0.97121	0.927836
rs335	rs335	1	335	A	C	250	0.244	0.0541669	0.0455787	0.00284636	0.212866	0.799713	0.995078	0.968314
rs336	rs336	1	336	A	C	250	0.404	0.0503767	0.0373436	-0.17454	0.170092	0.794333	0.672144	0.885054
rs337	rs337	1	337	A	C	250	0.392	0.17293	0.0385056	0.165749	0.199311	0.378171	0.710438	0.633416
rs338	rs338	1	338	A	C	250	0.118	0.503461	0.0767453	-0.378762	0.304133	0.0691625	0.492205	0.145037
rs339	rs339	1	339	A	C	250	0.314	0.010888	0.0360304	0.279374	0.18537	0.954258	0.516414	0.809073
rs340	rs340	1	340	A	C	250	0.11	0.228559	0.0863955	-0.87914	0.414306	0.436808	0.171992	0.297784
rs341	rs341	1	341	A	C	250	0.198	-0.217758	0.0492576	0.325582	0.248316	0.326517	0.513519	0.502309
rs342	rs342	1	342	A	C	250	0.172	-0.330082	0.0559981	-0.165438	0.258144	0.163054	0.744716	0.354745
rs343	rs343	1	343	A	C	250	0.29	0.352906	0.0388014	0.128881	0.181614	0.0732011	0.762331	0.19316
rs344	rs344	1	344	A	C	250	0.186	-0.0793137	0.0578755	0.462449	0.246032	0.741637	0.351167	0.611381
rs345	rs345	1	345	A	C	250	0.332	-0.320587	0.0360356	0.634823	0.153569	0.0912565	0.105244	0.067352
rs346	rs346	1	346	A	C	250	0.11	0.262577	0.0833385	0.168658	0.380017	0.363052	0.784397	0.634449
rs347	rs347	1	347	A	C	250	0.32	0.0817842	0.0353305	0.529053	0.154063	0.663486	0.177698	0.368657
rs348	rs348	1	348	A	C	250	0.192	0.0304736	0.0572453	-0.0311138	0.271822	0.898651	0.952412	0.99009
rs349	rs349	1	349	A	C	250	0.338	0.19904	0.0410251	-0.359695	0.211959	0.325762	0.434636	0.462828
rs350	rs350	1	350	A	C	250	0.342	-0.0586069	0.0434016	-0.76418	0.182977	0.778467	0.0740222	0.193294
rs351	rs351	1	351	A	C	250	0.14	0.192795	0.0604111	0.0794252	0.273407	0.432805	0.879267	0.72918
rs352	rs352	1	352	A	C	250	0.108	0.140845	0.0824674	-0.223163	0.371971	0.623812	0.714436	0.827725
rs353	rs353	1	353	A	C	250	0.3	-0.083787	0.0415951	-0.160381	0.180859	0.681202	0.706082	0.856014
rs354	rs354	1	354	A	C	250	0.134	-0.554069	0.0707711	-1.28345	0.333951	0.0372748	0.0263543	0.00889815
rs355	rs355	1	355	A	C	250	0.286	-0.0107101	0.0424247	0.114602	0.208204	0.958531	0.801692	0.967701
rs356	rs356	1	356	A	C	250	0.124	-0.523761	0.0804844	-0.184808	0.327891	0.0648639	0.74689	0.163282
rs357	rs357	1	357	A	C	250	0.304	-0.060283	0.0399918	-0.19816	0.200293	0.763074	0.657928	0.866705
rs358	rs358	1	358	A	C	250	0.384	-0.234199	0.0344785	0.116535	0.184643	0.207209	0.786236	0.434776
rs359	rs359	1	359	A	C	250	0.312	0.0850396	0.0350726	0.0586543	0.176915	0.649768	0.889095	0.893934
rs360	rs360	1	360	A	C	250	0.434	0.08202	0.0326451	0.225887	0.147415	0.649863	0.556312	0.7581
rs361	rs361	1	361	A	C	250	0.11	-0.0495716	0.0836163	-0.387512	0.381078	0.863885	0.530175	0.8085
rs362	rs362	1	362	A	C	250	0.094	-0.073504	0.0957139	0.0774858	0.559539	0.812201	0.917497	0.967541
rs363	rs363	1	363	A	C	250	0.328	-0.195408	0.0336824	-0.131402	0.150754	0.286997	0.735039	0.533832
rs364	rs364	1	364	A	C	250	0.21	0.059108	0.0455888	0.098943	0.206345	0.781909	0.827573	0.940335
rs365	rs365	1	365	A	C	250	0.172	-0.312203	0.0560821	0.270723	0.239421	0.187392	0.580073	0.366789
rs366	rs366	1	366	A	C	250	0.254	0.0185861	0.0441205	-0.0977638	0.20892	0.929491	0.830634	0.973851
rs367	rs367	1	367	A	C	250	0.276	-0.0119472	0.039366	0.306368	0.182018	0.951984	0.472694	0.770313
rs368	rs368	1	368	A	C	250	0.258	-0.363733	0.0476123	-0.272924	0.216448	0.0955243	0.557451	0.210166
rs369	rs369	1	369	A	C	250	0.142	-0.177654	0.0623207	-0.335948	0.273679	0.476688	0.520762	0.629373
rs370	rs370	1	370	A	C	250	0.236	0.178847	0.0443494	0.0641338	0.215691	0.395741	0.890167	0.691567
rs371	rs371	1	371	A	C	250	0.214	-0.0606565	0.0482355	-0.159188	0.235253	0.782409	0.742758	0.911468
rs372	rs372	1	372	A	C	250	0.238	-0.0895365	0.0439497	-0.753262	0.178983	0.669312	0.0749954	0.18195
rs373	rs373	1	373	A	C	250	0.218	-0.265823	0.0485668	0.171262	0.218741	0.227736	0.71423	0.453892
rs374	rs374	1	374	A	C	250	0.222	-0.187671	0.0531838	0.107108	0.237238	0.41577	0.825947	0.703218
rs375	rs375	1	375	A	C	250	0.35	0.24065	0.0353345	0.0990168	0.153484	0.200465	0.800468	0.428189
rs376	rs376	1	376	A	C	250	0.442	0.170113	0.0337011	-0.0538841	0.150665	0.354108	0.889592	0.644203
rs377	rs377	1	377	A	C	250	0.146	-0.343166	0.0669049	0.446609	0.272825	0.184605	0.39253	0.308143
rs378	rs378	1	378	A	C	250	0.136	-0.09807	0.0630802	-0.303753	0.258661	0.696188	0.550341	0.781811
rs379	rs379	1	379	A	C	250	0.228	-0.0105735	0.0434562	0.274213	0.215239	0.959548	0.554483	0.839401
rs380	rs380	1	380	A	C	250	0.282	-0.149383	0.0436793	0.0286281	0.196965	0.474753	0.948567	0.772577
rs381	rs381	1	381	A	C	250	0.356	-0.119582	0.0369367	0.243889	0.17194	0.533803	0.556419	0.693628
rs382	rs382	1	382	A	C	250	0.28	-0.280125	0.0399213	0.0577529	0.207429	0.160914	0.899094	0.369089
rs383	rs383	1	383	A	C	250	0.286	-0.35536	0.0430455	0.0224529	0.185224	0.0867509	0.958393	0.230357
rs384	rs384	1	384	A	C	250	0.272	0.145286	0.0382854	-0.0231462	0.179468	0.457772	0.956428	0.757615
rs385	rs385	1	385	A	C	250	0.23	-0.251378	0.0494031	0.36617	0.247453	0.258068	0.46167	0.384473
rs386	rs386	1	386	A	C	250	0.404	-0.0368301	0.0349365	0.155116	0.145818	0.843793	0.684588	0.90555
rs387	rs387	1	387	A	C	250	0.3	-0.095809	0.0402127	0.00122352	0.172016	0.632809	0.997646	0.892112
rs388	rs388	1	388	A	C	250	0.118	-0.00948854	0.0704189	-0.858918	0.415719	0.971477	0.182812	0.411634
rs389	rs389	1	389	A	C	250	0.178	0.152367	0.0489323	0.365104	0.306724	0.490949	0.509742	0.63609
rs390	rs390	1	390	A	C	250	0.174	-0.2371	0.0566024	-0.0968182	0.268569	0.318967	0.8518	0.598394
rs391	rs391	1	391	A	C	250	0.282	0.341066	0.0432083	-0.487359	0.192774	0.10084	0.266997	0.142118
rs392	rs392	1	392	A	C	250	0.154	-0.0123457	0.0599053	-0.413019	0.287127	0.959771	0.440835	0.742756
rs393	rs393	1	393	A	C	250	0.188	-0.0519917	0.0582718	0.237538	0.253317	0.829471	0.636959	0.87125
rs394	rs394	1	394	A	C	250	0.148	-0.0514115	0.0651029	0.511438	0.325257	0.840313	0.369843	0.649342
rs395	rs395	1	395	A	C	250	0.414	-0.00645274	0.037606	0.561118	0.174475	0.973455	0.179161	0.405616
rs396	rs396	1	396	A	C	250	0.104	0.0606934	0.0869164	-1.26142	0.374266	0.836893	0.0392165	0.116349
rs397	rs397	1	397	A	C	250	0.162	0.636785	0.0649994	0.115793	0.273373	0.0125006	0.824731	0.0431633
rs398	rs398	1	398	A	C	250	0.316	0.184985	0.0397712	0.838172	0.18697	0.353623	0.0525725	0.0959518
rs399	rs399	1	399	A	C	250	0.3	0.163561	0.0418018	-0.706285	0.198492	0.423719	0.112901	0.207251
rs400	rs400	1	400	A	C	250	0.32	-0.165793	0.0431284	-0.868948	0.19421	0.424677	0.048635	0.104704
rs401	rs401	1	401	A	C	250	0.176	0.0631282	0.0538167	-0.606993	0.234538	0.785528	0.210073	0.441573
rs402	rs402	1	402	A	C	250	0.106	-0.232799	0.0995835	-0.557225	0.433068	0.460689	0.397137	0.527703
rs403	rs403	1	403	A	C	250	0.41	0.112243	0.0305361	0.0125193	0.141378	0.520666	0.973439	0.81298
rs404	rs404	1	404	A	C	250	0.198	-0.0958492	0.0556391	-0.253276	0.291324	0.684487	0.638891	0.820002
rs405	rs405	1	405	A	C	250	0.402	-0.173371	0.0342197	0.188065	0.172094	0.34865	0.650304	0.583234
rs406	rs406	1	406	A	C	250	0.108	-0.01575	0.0736171	-0.276588	0.394676	0.95371	0.659746	0.905565
rs407	rs407	1	407	A	C	250	0.322	-0.0213406	0.035736	-0.164419	0.172496	0.910118	0.692193	0.916412
rs408	rs408	1	408	A	C	250	0.256	-0.0791437	0.0498968	0.495506	0.234592	0.723109	0.306289	0.554965
rs409	rs409	1	409	A	C	250	0.106	-0.316481	0.0961732	0.0505653	0.517298	0.307484	0.943951	0.59242
rs410	rs410	1	410	A	C	250	0.38	-0.252046	0.0358443	-0.043315	0.15652	0.183097	0.912818	0.409452
rs411	rs411	1	411	A	C	250	0.248	0.0520809	0.0488549	-0.121818	0.232883	0.813722	0.800709	0.942554
rs412	rs412	1	412	A	C	250	0.116	0.0020013	0.079822	-0.358641	0.371572	0.994348	0.556295	0.840814
rs413	rs413	1	413	A	C	250	0.156	-0.29702	0.0565936	0.612083	0.250965	0.211834	0.221779	0.227938
rs414	rs414	1	414	A	C	250	0.368	-0.267159	0.036419	-0.239217	0.175379	0.161534	0.567851	0.312734
rs415	rs415	1	415	A	C	250	0.2	-0.200092	0.0523079	-0.342265	0.235205	0.381642	0.480355	0.516441
rs416	rs416	1	416	A	C	250	0.246	0.189724	0.0484167	-0.00184559	0.205062	0.388559	0.996748	0.689252
rs417	rs417	1	417	A	C	250	0.14	0.273943	0.0669919	-0.0516131	0.390453	0.289874	0.93417	0.568436
rs418	rs418	1	418	A	C	250	0.234	0.47058	0.0521356	0.00670873	0.235145	0.0393084	0.988962	0.119383
rs419	rs419	1	419	A	C	250	0.098	0.493785	0.089052	0.923029	0.408628	0.0979878	0.148754	0.0921886
rs420	rs420	1	420	A	C	250	0.306	0.140818	0.0379494	0.175233	0.178825	0.469764	0.678594	0.704379
rs421	rs421	1	421	A	C	250	0.16	0.0397354	0.0649866	-0.0730092	0.29344	0.876135	0.892788	0.979548
rs422	rs422	1	422	A	C	250	0.214	-0.0446568	0.0471794	0.411442	0.206418	0.837108	0.36515	0.650718
rs423	rs423	1	423	A	C	250	0.308	0.183104	0.0397021	0.347809	0.178232	0.358123	0.410025	0.457216
rs424	rs424	1	424	A	C	250	0.29	-0.0946235	0.0413916	-0.501927	0.204925	0.641862	0.267527	0.479036
rs425	rs425	1	425	A	C	250	0.122	0.0641386	0.0716566	0.396945	0.30143	0.810638	0.469681	0.742981
rs426	rs426	1	426	A	C	250	0.282	-0.0798138	0.0406482	-0.279891	0.182644	0.692198	0.512521	0.74183
rs427	rs427	1	427	A	C	250	0.16	-0.14627	0.0631234	0.140918	0.2624	0.560443	0.783242	0.811075
rs428	rs428	1	428	A	C	250	0.32	-0.126474	0.035148	0.887842	0.159478	0.499927	0.0262	0.0651413
rs429	rs429	1	429	A	C	250	0.258	0.179413	0.0411065	-0.425683	0.185056	0.376205	0.322397	0.416668
rs430	rs430	1	430	A	C	250	0.122	-0.203065	0.0889176	0.622186	0.384986	0.495878	0.315976	0.496704
rs431	rs431	1	431	A	C	250	0.358	0.156446	0.0339871	0.0441055	0.154827	0.396099	0.910751	0.692262
rs432	rs432	1	432	A	C	250	0.252	-0.382681	0.0481472	-0.162992	0.233243	0.0811554	0.735748	0.205837
rs433	rs433	1	433	A	C	250	0.31	0.142894	0.0380473	-0.48812	0.180026	0.463817	0.249968	0.40353
rs434	rs434	1	434	A	C	250	0.172	0.541532	0.0587362	-0.00532392	0.247335	0.0254532	0.991459	0.0821591
rs435	rs435	1	435	A	C	250	0.248	0.0905609	0.0458928	0.132631	0.218664	0.672489	0.776692	0.884202
rs436	rs436	1	436	A	C	250	0.334	-0.189045	0.0365184	0.432854	0.179151	0.322537	0.306468	0.358694
rs437	rs437	1	437	A	C	250	0.186	0.0123393	0.0627237	-0.349294	0.281091	0.960705	0.510011	0.804376
rs438	rs438	1	438	A	C	250	0.142	-0.285972	0.0720856	-0.490149	0.382845	0.28682	0.428263	0.406283
rs439	rs439	1	439	A	C	250	0.248	-0.475739	0.0449575	-0.172978	0.209304	0.0248506	0.70536	0.073066
rs440	rs440	1	440	A	C	250	0.208	0.174556	0.0568515	0.309443	0.299929	0.464115	0.572054	0.650274
rs441	rs441	1	441	A	C	250	0.304	-0.0124744	0.0412182	0.084572	0.210366	0.951006	0.853707	0.981112
rs442	rs442	1	442	A	C	250	0.142	0.0416838	0.0620767	0.181798	0.254021	0.867132	0.718319	0.925534
rs443	rs443	1	443	A	C	250	0.258	0.147178	0.0418414	-0.324246	0.192536	0.471825	0.459935	0.582937
rs444	rs444	1	444	A	C	250	0.292	0.133726	0.0364124	0.715484	0.170745	0.48343	0.0833607	0.176245
rs445	rs445	1	445	A	C	250	0.274	0.105791	0.0435719	0.543384	0.213368	0.612288	0.239449	0.433981
rs446	rs446	1	446	A	C	250	0.228	0.22322	0.0460391	0.574226	0.2005	0.298188	0.1997	0.263215
rs447	rs447	1	447	A	C	250	0.078	0.528332	0.108221	-1.00218	0.626568	0.10827	0.205484	0.117758
rs448	rs448	1	448	A	C	250	0.116	-0.261716	0.0765484	-0.169264	0.357805	0.34418	0.777199	0.612708
rs449	rs449	1	449	A	C	250	0.372	-0.0699608	0.0401237	0.318045	0.198119	0.726891	0.474894	0.731603
rs450	rs450	1	450	A	C	250	0.256	0.00192157	0.0480912	-0.0452143	0.227391	0.993009	0.92446	0.995486
rs451	rs451	1	451	A	C	250	0.322	0.0939479	0.035151	0.33974	0.171689	0.616306	0.412258	0.629785
rs452	rs452	1	452	A	C	250	0.168	-0.304533	0.0607485	0.309591	0.25156	0.216619	0.537064	0.386857
rs453	rs453	1	453	A	C	250	0.38	-0.0951976	0.0305503	-0.555107	0.129982	0.585994	0.123633	0.261259
rs454	rs454	1	454	A	C	250	0.124	0.411362	0.0823418	-0.568095	0.391044	0.1517	0.363632	0.245134
rs455	rs455	1	455	A	C	250	0.318	0.149931	0.0359601	-0.531689	0.156113	0.429151	0.178408	0.297306
rs456	rs456	1	456	A	C	250	0.23	-0.195104	0.0508517	0.981212	0.252662	0.386932	0.0509312	0.102692
rs457	rs457	1	457	A	C	250	0.298	-0.0525265	0.0395157	1.03264	0.17029	0.791597	0.012336	0.0416408
rs458	rs458	1	458	A	C	250	0.182	0.100075	0.0554541	0.212059	0.252077	0.670859	0.672757	0.833354
rs459	rs459	1	459	A	C	250	0.234	0.101756	0.05063	0.295748	0.24794	0.651104	0.552547	0.759637
rs460	rs460	1	460	A	C	250	0.376	0.226622	0.038873	0.376625	0.180692	0.250383	0.375611	0.345042
rs461	rs461	1	461	A	C	250	0.294	-0.305093	0.0406149	-0.161969	0.196572	0.130058	0.714874	0.299746
rs462	rs462	1	462	A	C	250	0.346	0.345175	0.0348263	0.23964	0.156259	0.0643661	0.544362	0.151419
rs463	rs463	1	463	A	C	250	0.322	-0.211779	0.0393233	0.411501	0.1887	0.285534	0.343489	0.367271
rs464	rs464	1	464	A	C	250	0.258	-0.316365	0.0453348	-0.24128	0.219603	0.137321	0.606641	0.291403
rs465	rs465	1	465	A	C	250	0.356	0.226172	0.0327146	0.534969	0.150918	0.211133	0.168489	0.181128
rs466	rs466	1	466	A	C	250	0.17	0.122999	0.0559355	-0.40591	0.241067	0.603019	0.408393	0.618728
rs467	rs467	1	467	A	C	250	0.31	-0.206103	0.0438877	0.61732	0.200376	0.325207	0.167872	0.23398
rs468	rs468	1	468	A	C	250	0.32	0.0946318	0.0358536	-0.114231	0.162706	0.617237	0.777029	0.84489
rs469	rs469	1	469	A	C	250	0.354	0.277491	0.0367742	0.568163	0.170951	0.147888	0.169392	0.133462
rs470	rs470	1	470	A	C	250	0.34	0.228624	0.0370168	0.0371566	0.161413	0.23472	0.926313	0.492429
rs471	rs471	1	471	A	C	250	0.174	0.210137	0.0547299	-0.493151	0.260451	0.36906	0.333889	0.411931
rs472	rs472	1	472	A	C	250	0.182	0.152526	0.0568253	0.442844	0.244934	0.522275	0.370894	0.525262
rs473	rs473	1	473	A	C	250	0.388	-0.13219	0.0328914	-0.625157	0.145299	0.466073	0.100994	0.197667
rs474	rs474	1	474	A	C	250	0.234	-0.0513417	0.0469211	0.706761	0.198317	0.812641	0.112499	0.278052
rs475	rs475	1	475	A	C	250	0.164	-0.0916833	0.0640522	0.773438	0.309497	0.717156	0.164448	0.355182
rs476	rs476	1	476	A	C	250	0.236	-0.0822581	0.0458247	0.686191	0.236849	0.700783	0.158549	0.344631
rs477	rs477	1	477	A	C	250	0.232	-0.194901	0.0493595	-0.577587	0.21688	0.380344	0.214885	0.314844
rs478	rs478	1	478	A	C	250	0.28	0.190228	0.0429071	-0.839272	0.226756	0.358433	0.0779885	0.139482
rs479	rs479	1	479	A	C	250	0.202	0.327627	0.0470153	0.67755	0.2705	0.130792	0.192663	0.13774
rs480	rs480	1	480	A	C	250	0.164	0.464208	0.0651125	0.689665	0.281799	0.068881	0.193883	0.0797845
rs481	rs481	1	481	A	C	250	0.196	-0.443487	0.0531067	-0.319821	0.250891	0.0542985	0.523145	0.126715
rs482	rs482	1	482	A	C	250	0.348	-0.244106	0.0396027	-0.605774	0.174308	0.21996	0.146794	0.158322
rs483	rs483	1	483	A	C	250	0.398	0.280596	0.034942	0.375024	0.168082	0.133331	0.360328	0.212213
rs484	rs484	1	484	A	C	250	0.228	0.0161592	0.0467824	-0.512008	0.218927	0.940445	0.273834	0.548789
rs485	rs485	1	485	A	C	250	0.136	-0.190005	0.0763534	0.0328651	0.321169	0.491691	0.953755	0.788217
rs486	rs486	1	486	A	C	250	0.198	0.319083	0.0555276	-0.325232	0.237853	0.175707	0.504858	0.323838
rs487	rs487	1	487	A	C	250	0.312	0.58839	0.0403701	0.149894	0.19064	0.00340675	0.73137	0.0129819
rs488	rs488	1	488	A	C	250	0.104	-0.201768	0.0865022	0.0559114	0.533606	0.492699	0.938989	0.786451
rs489	rs489	1	489	A	C	250	0.352	-0.239541	0.0383674	-0.14539	0.168876	0.22136	0.723493	0.4423
rs490	rs490	1	490	A	C	250	0.296	-0.131836	0.036268	0.239302	0.16389	0.488772	0.554444	0.656946
rs491	rs491	1	491	A	C	250	0.124	-0.297398	0.0740304	-0.175052	0.372928	0.27438	0.774379	0.529189
rs492	rs492	1	492	A	C	250	0.176	0.390923	0.057947	-0.0540051	0.281435	0.104384	0.918916	0.266479
rs493	rs493	1	493	A	C	250	0.244	-0.562803	0.0446825	0.115794	0.201517	0.00775657	0.796448	0.0277863
rs494	rs494	1	494	A	C	250	0.2	-0.00472029	0.0455694	0.512679	0.202067	0.982358	0.254076	0.52125
rs495	rs495	1	495	A	C	250	0.24	-0.0579863	0.0465101	-0.878286	0.202362	0.788025	0.0508893	0.138634
rs496	rs496	1	496	A	C	250	0.3	-0.0410468	0.0390493	0.367883	0.187824	0.83545	0.395961	0.679953
rs497	rs497	1	497	A	C	250	0.296	-0.0198616	0.0377871	0.453997	0.184411	0.918618	0.290418	0.569093
rs498	rs498	1	498	A	C	250	0.34	0.102995	0.033161	-0.125971	0.15048	0.571671	0.745381	0.804821
rs499	rs499	1	499	A	C	250	0.324	0.179838	0.0341612	-0.182035	0.14901	0.330552	0.637233	0.562186
rs500	rs500	1	500	A	C	250	0.312	0.107073	0.0373716	-0.394363	0.178016	0.579666	0.349949	0.555304
rs501	rs501	1	501	A	C	250	0.196	0.639908	0.0540259	0.505103	0.226355	0.00590402	0.288391	0.0131731
rs502	rs502	1	502	A	C	250	0.112	-0.377328	0.0916702	-0.42258	0.374317	0.212672	0.489754	0.357865
rs503	rs503	1	503	A	C	250	0.22	0.13836	0.0503212	-0.0322169	0.220687	0.537374	0.945324	0.824898
rs504	rs504	1	504	A	C	250	0.112	0.0398973	0.0787842	0.577641	0.363874	0.886968	0.338267	0.625433
rs505	rs505	1	505	A	C	250	0.11	-0.384175	0.081489	-0.616504	0.353652	0.178368	0.299882	0.231952
rs506	rs506	1	506	A	C	250	0.332	0.124892	0.0357589	-0.528729	0.16832	0.508961	0.197489	0.350118
rs507	rs507	1	507	A	C	250	0.152	-0.191513	0.0687948	-1.02991	0.344161	0.46529	0.0791616	0.164648
rs508	rs508	1	508	A	C	250	0.364	-0.248947	0.0348177	0.0176031	0.174485	0.182153	0.966386	0.410426
rs509	rs509	1	509	A	C	250	0.096	-0.0377168	0.100449	0.0472923	0.467528	0.905272	0.944858	0.990801
rs510	rs510	1	510	A	C	250	0.372	-0.029423	0.0348447	0.552412	0.208728	0.874754	0.226613	0.473518
rs511	rs511	1	511	A	C	250	0.252	0.108379	0.0436457	-0.607505	0.195079	0.603923	0.168992	0.344589
rs512	rs512	1	512	A	C	250	0.24	0.107707	0.041464	-0.406124	0.212343	0.596845	0.378138	0.593826
rs513	rs513	1	513	A	C	250	0.288	-0.0764505	0.0397998	0.803253	0.20711	0.701562	0.0775588	0.193722
rs514	rs514	1	514	A	C	250	0.258	-0.236218	0.0423739	-0.313365	0.228082	0.251163	0.511725	0.423907
rs515	rs515	1	515	A	C	250	0.284	-0.0769768	0.0452804	-0.392067	0.210443	0.717541	0.39274	0.646799
rs516	rs516	1	516	A	C	250	0.354	-0.0612352	0.0362117	-0.620624	0.15982	0.747609	0.120559	0.281207
rs517	rs517	1	517	A	C	250	0.344	0.18497	0.0356189	0.689129	0.159835	0.327048	0.0847598	0.13907
rs518	rs518	1	518	A	C	250	0.28	-0.126317	0.041158	0.0104753	0.181593	0.533524	0.980388	0.823581
rs519	rs519	1	519	A	C	250	0.224	0.0490185	0.0468105	-0.128222	0.228189	0.820764	0.788377	0.938278
rs520	rs520	1	520	A	C	250	0.196	0.0544993	0.055921	0.601578	0.253774	0.817731	0.232409	0.476004
rs521	rs521	1	521	A	C	250	0.142	0.0864253	0.0689518	-0.445224	0.339485	0.742057	0.444789	0.714245
rs522	rs522	1	522	A	C	250	0.262	-0.0371558	0.0427687	-0.601166	0.18624	0.857416	0.163613	0.368668
rs523	rs523	1	523	A	C	250	0.376	-0.132674	0.0351477	-0.607831	0.151545	0.479143	0.118431	0.22765
rs524	rs524	1	524	A	C	250	0.38	0.371626	0.0366667	-0.241304	0.16124	0.0522886	0.547883	0.128699
rs525	rs525	1	525	A	C	250	0.302	0.105913	0.0396731	0.154963	0.191378	0.594905	0.723168	0.813568
rs526	rs526	1	526	A	C	250	0.11	-0.384792	0.0873086	0.268978	0.392026	0.192828	0.66749	0.395021
rs527	rs527	1	527	A	C	250	0.408	0.171053	0.0375303	0.382717	0.176451	0.377259	0.362242	0.440683
rs528	rs528	1	528	A	C	250	0.256	0.19211	0.0420922	0.738321	0.174427	0.349081	0.0770906	0.13357
rs529	rs529	1	529	A	C	250	0.122	-0.419263	0.0777423	-0.883639	0.365339	0.132661	0.14376	0.101427
rs530	rs530	1	530	A	C	250	0.344	0.0653556	0.0405689	-0.549262	0.191958	0.745575	0.209969	0.434049
rs531	rs531	1	531	A	C	250	0.272	-0.150027	0.041041	-0.357434	0.19688	0.458959	0.420499	0.549276
rs532	rs532	1	532	A	C	250	0.19	-0.464722	0.0541255	-0.0800655	0.254591	0.0457681	0.873921	0.133877
rs533	rs533	1	533	A	C	250	0.144	0.236255	0.0618693	-0.232534	0.280181	0.342202	0.66044	0.582516
rs534	rs534	1	534	A	C	250	0.268	0.0637361	0.039858	-0.129193	0.190515	0.749539	0.767238	0.906597
rs535	rs535	1	535	A	C	250	0.212	0.132575	0.0454712	-0.651017	0.221198	0.534128	0.166294	0.318268
rs536	rs536	1	536	A	C	250	0.124	0.00230746	0.0758875	0.420715	0.365371	0.993317	0.486417	0.784874
rs537	rs537	1	537	A	C	250	0.272	-0.0548637	0.0429911	1.06391	0.214328	0.791315	0.0215575	0.0683417
rs538	rs538	1	538	A	C	250	0.12	0.270247	0.0808649	0.936383	0.392558	0.341937	0.13504	0.203582
rs539	rs539	1	539	A	C	250	0.114	-0.339453	0.0940856	0.782227	0.426493	0.268437	0.231003	0.270337
rs540	rs540	1	540	A	C	250	0.104	0.220981	0.0934404	-0.817654	0.428834	0.469732	0.21181	0.352318
rs541	rs541	1	541	A	C	250	0.192	-0.288295	0.0549147	-0.191727	0.24402	0.218605	0.697924	0.427818
rs542	rs542	1	542	A	C	250	0.194	-0.098318	0.0549313	-0.410453	0.266884	0.674857	0.426896	0.669198
rs543	rs543	1	543	A	C	250	0.236	0.195111	0.0430099	-0.545645	0.194932	0.346806	0.216512	0.305099
rs544	rs544	1	544	A	C	250	0.23	-0.19094	0.0457837	0.751784	0.234817	0.372198	0.120802	0.201082
rs545	rs545	1	545	A	C	250	0.152	-0.295108	0.0575458	-0.603749	0.254341	0.218624	0.231248	0.219814
rs546	rs546	1	546	A	C	250	0.31	0.183673	0.0379746	0.369895	0.17465	0.345916	0.376101	0.440251
rs547	rs547	1	547	A	C	250	0.102	0.0849096	0.0831643	-0.525242	0.351226	0.768426	0.375472	0.646782
rs548	rs548	1	548	A	C	250	0.378	0.0238698	0.0343957	0.167661	0.168885	0.897591	0.68329	0.913153
rs549	rs549	1	549	A	C	250	0.164	-0.324866	0.0617723	-0.0499427	0.307342	0.19118	0.928218	0.423678
rs550	rs550	1	550	A	C	250	0.128	-0.0835232	0.0733359	1.07134	0.324129	0.75776	0.0598653	0.163792
rs551	rs551	1	551	A	C	250	0.128	0.162209	0.0664385	-0.260875	0.336581	0.529146	0.652953	0.73235
rs552	rs552	1	552	A	C	250	0.19	0.0723014	0.0557791	0.849136	0.254871	0.759503	0.0925758	0.228538
rs553	rs553	1	553	A	C	250	0.2	0.0930454	0.0460925	0.158652	0.201566	0.664731	0.723807	0.858395
rs554	rs554	1	554	A	C	250	0.386	0.158085	0.0357144	-0.172781	0.170059	0.402871	0.675229	0.641238
rs555	rs555	1	555	A	C	250	0.128	-0.034147	0.0731657	-1.46474	0.401594	0.899541	0.0208132	0.0682503
rs556	rs556	1	556	A	C	250	0.37	0.246773	0.0337065	-0.400388	0.151645	0.178907	0.303867	0.237028
rs557	rs557	1	557	A	C	250	0.186	-0.415432	0.0538712	-0.21259	0.243274	0.0734749	0.666455	0.179008
rs558	rs558	1	558	A	C	250	0.1	-0.209347	0.0974175	-0.277014	0.47099	0.502392	0.686477	0.729969
rs559	rs559	1	559	A	C	250	0.338	0.239834	0.0356558	0.259292	0.171063	0.204041	0.530712	0.360742
rs560	rs560	1	560	A	C	250	0.246	0.00293537	0.0468598	0.295179	0.216899	0.989181	0.526207	0.817403
rs561	rs561	1	561	A	C	250	0.274	-0.0551277	0.0391826	-0.305498	0.176978	0.780629	0.467723	0.741416
rs562	rs562	1	562	A	C	250	0.33	-0.133145	0.0370041	-0.798236	0.192838	0.488845	0.0691015	0.150323
rs563	rs563	1	563	A	C	250	0.236	0.165851	0.0472738	-0.666868	0.238855	0.445585	0.172411	0.301652
rs564	rs564	1	564	A	C	250	0.354	0.00622246	0.0365258	-0.0866868	0.165075	0.974027	0.831047	0.976956
rs565	rs565	1	565	A	C	250	0.142	0.186104	0.0775288	-0.0736738	0.349801	0.50389	0.900866	0.791194
rs566	rs566	1	566	A	C	250	0.402	-0.0522336	0.0328995	0.438404	0.144145	0.773366	0.248208	0.48649
rs567	rs567	1	567	A	C	250	0.338	0.0208874	0.0342696	0.24227	0.151819	0.910164	0.534087	0.819836
rs568	rs568	1	568	A	C	250	0.096	0.00965332	0.101778	0.546367	0.447449	0.975861	0.414046	0.715961
rs569	rs569	1	569	A	C	250	0.288	0.184524	0.0372504	-0.377676	0.183664	0.339038	0.378174	0.426474
rs570	rs570	1	570	A	C	250	0.206	0.497117	0.047987	0.104718	0.219391	0.0232487	0.823092	0.0746506
rs571	rs571	1	571	A	C	250	0.276	0.157222	0.0456004	0.764784	0.200203	0.461576	0.0874062	0.170583
rs572	rs572	1	572	A	C	250	0.38	0.153169	0.0349331	0.408717	0.165538	0.412499	0.315111	0.424783
rs573	rs573	1	573	A	C	250	0.138	-0.0483256	0.0649307	-0.288816	0.334068	0.849584	0.617291	0.866121
rs574	rs574	1	574	A	C	250	0.224	-0.521909	0.044256	-0.314091	0.185768	0.0131053	0.466163	0.035516
rs575	rs575	1	575	A	C	250	0.244	0.0606085	0.0433575	0.0562715	0.205802	0.770996	0.901283	0.952042
rs576	rs576	1	576	A	C	250	0.106	0.170629	0.0860652	0.27696	0.386482	0.560822	0.655954	0.753448
rs577	rs577	1	577	A	C	250	0.34	-0.0434643	0.0415008	0.640206	0.183137	0.831049	0.134654	0.319358
rs578	rs578	1	578	A	C	250	0.15	-0.16257	0.05375	0.432572	0.289647	0.48317	0.421538	0.570805
rs579	rs579	1	579	A	C	250	0.284	0.163073	0.0403761	-0.130473	0.218717	0.417046	0.780257	0.689979
rs580	rs580	1	580	A	C	250	0.264	-0.146215	0.0414872	-0.0655563	0.191338	0.472849	0.880868	0.764045
rs581	rs581	1	581	A	C	250	0.304	-0.313148	0.0362517	-0.273677	0.158329	0.100033	0.491583	0.200587
rs582	rs582	1	582	A	C	250	0.366	0.0770794	0.0400798	-0.0672456	0.195778	0.700228	0.879204	0.919324
rs583	rs583	1	583	A	C	250	0.322	-0.155683	0.0418624	-0.0481231	0.189691	0.446716	0.912019	0.742188
rs584	rs584	1	584	A	C	250	0.236	0.21563	0.0429767	0.212664	0.19272	0.298275	0.628081	0.516328
rs585	rs585	1	585	A	C	250	0.406	0.331706	0.0327854	0.312419	0.154029	0.0669589	0.426008	0.136034
rs586	rs586	1	586	A	C	250	0.268	-0.00575829	0.0416576	-0.231716	0.185773	0.977492	0.590848	0.865293
rs587	rs587	1	587	A	C	250	0.114	0.110234	0.0754764	0.433264	0.33217	0.68824	0.452202	0.701591
rs588	rs588	1	588	A	C	250	0.15	-0.0336375	0.0605767	0.618647	0.294304	0.891292	0.254133	0.517757
rs589	rs589	1	589	A	C	250	0.21	-0.148014	0.0447844	0.220235	0.230912	0.484289	0.646727	0.703761
rs590	rs590	1	590	A	C	250	0.194	0.174077	0.0507163	0.0439971	0.232599	0.439535	0.927313	0.739657
rs591	rs591	1	591	A	C	250	0.364	-0.00462454	0.0336404	-0.160429	0.162233	0.979884	0.690407	0.923335
rs592	rs592	1	592	A	C	250	0.172	-0.101024	0.0578435	1.07203	0.305543	0.674452	0.0524515	0.133947
rs593	rs593	1	593	A	C	250	0.102	0.0758291	0.0816673	0.566532	0.396232	0.790743	0.368113	0.637753
rs594	rs594	1	594	A	C	250	0.358	-0.20823	0.0334459	-0.346442	0.148481	0.25487	0.368615	0.344511
rs595	rs595	1	595	A	C	250	0.284	-0.301942	0.0430158	-0.26047	0.240206	0.145441	0.595104	0.298818
rs596	rs596	1	596	A	C	250	0.382	0.130077	0.0344683	-0.007797	0.154684	0.483533	0.984183	0.782346
rs597	rs597	1	597	A	C	250	0.186	-0.46292	0.0590977	0.213336	0.265666	0.0568798	0.678946	0.151716
rs598	rs598	1	598	A	C	250	0.3	0.292425	0.0386651	0.238886	0.189152	0.136976	0.58282	0.282347
rs599	rs599	1	599	A	C	250	0.438	-0.120488	0.0332542	0.18278	0.156433	0.50879	0.643989	0.726478
rs600	rs600	1	600	A	C	250	0.358	-0.0926921	0.0352973	0.191349	0.159284	0.621752	0.63162	0.789247
rs601	rs601	1	601	A	C	250	0.196	0.382654	0.0519218	0.681998	0.216536	0.0930914	0.142755	0.0870473
rs602	rs602	1	602	A	C	250	0.38	-0.127716	0.0352628	0.319498	0.156141	0.496428	0.41877	0.571209
rs603	rs603	1	603	A	C	250	0.312	0.256644	0.0370889	-0.233067	0.175106	0.182653	0.57755	0.346765
rs604	rs604	1	604	A	C	250	0.11	-0.528514	0.0879271	1.1302	0.442146	0.0746906	0.0891877	0.0518776
rs605	rs605	1	605	A	C	250	0.238	0.0576447	0.0425567	0.330392	0.19645	0.779914	0.456015	0.729952
rs606	rs606	1	606	A	C	250	0.226	0.0915124	0.0490935	0.401862	0.216327	0.679594	0.387579	0.635784
rs607	rs607	1	607	A	C	250	0.356	0.211318	0.0415783	0.750977	0.188683	0.300042	0.0838339	0.123027
rs608	rs608	1	608	A	C	250	0.132	-0.0668454	0.0687311	-0.19794	0.277723	0.798743	0.707213	0.89801
rs609	rs609	1	609	A	C	250	0.23	-0.41277	0.0494043	0.212864	0.206489	0.063303	0.639471	0.164755
rs610	rs610	1	610	A	C	250	0.172	-0.191978	0.0629705	-0.675871	0.262056	0.44425	0.18674	0.308435
rs611	rs611	1	611	A	C	250	0.188	0.104005	0.0533734	-0.733605	0.267351	0.652578	0.155957	0.333354
rs612	rs612	1	612	A	C	250	0.118	-0.150868	0.0835396	0.59045	0.373041	0.601687	0.33368	0.544063
rs613	rs613	1	613	A	C	250	0.216	-0.25214	0.0497647	0.651315	0.232477	0.258363	0.176749	0.211771
rs614	rs614	1	614	A	C	250	0.182	0.0958738	0.0486574	-0.337296	0.237073	0.663827	0.488473	0.713514
rs615	rs615	1	615	A	C	250	0.342	-0.136855	0.0359241	-0.079867	0.158459	0.470264	0.840983	0.750858
rs616	rs616	1	616	A	C	250	0.158	-0.261957	0.0586364	-0.461694	0.277156	0.279342	0.380495	0.382822
rs617	rs617	1	617	A	C	250	0.302	-0.336772	0.0367388	0.267055	0.17641	0.0789165	0.524889	0.173504
rs618	rs618	1	618	A	C	250	0.162	0.13123	0.0575919	-0.519423	0.250405	0.584496	0.299267	0.510137
rs619	rs619	1	619	A	C	250	0.224	-0.00111555	0.0509981	-0.524463	0.232932	0.996059	0.27718	0.554057
rs620	rs620	1	620	A	C	250	0.216	-0.0210115	0.0508024	-0.624515	0.212103	0.925728	0.175089	0.397883
rs621	rs621	1	621	A	C	250	0.274	-0.0238522	0.0433365	-0.177323	0.200312	0.908779	0.69196	0.917939
rs622	rs622	1	622	A	C	250	0.262	-0.00832061	0.0417388	-0.196078	0.194983	0.967513	0.657008	0.905333
rs623	rs623	1	623	A	C	250	0.216	0.275183	0.045777	0.0815502	0.223526	0.198384	0.863053	0.428774
rs624	rs624	1	624	A	C	250	0.244	0.133826	0.0476702	-0.604732	0.248815	0.539917	0.225382	0.401504
rs625	rs625	1	625	A	C	250	0.36	-0.0359683	0.0398712	-1.18778	0.175976	0.857049	0.00463367	0.0179344
rs626	rs626	1	626	A	C	250	0.32	0.224476	0.0433349	0.151216	0.187533	0.280887	0.726948	0.525533
rs627	rs627	1	627	A	C	250	0.11	0.418705	0.0839876	0.622651	0.44221	0.148521	0.349101	0.236623
rs628	rs628	1	628	A	C	250	0.142	-0.198746	0.061229	-0.441904	0.274614	0.421863	0.399077	0.513942
rs629	rs629	1	629	A	C	250	0.338	-0.115241	0.0365017	-0.495202	0.159997	0.546385	0.21571	0.387716
rs630	rs630	1	630	A	C	250	0.368	-0.0152708	0.039148	-1.27635	0.207396	0.93848	0.00506827	0.019691
rs631	rs631	1	631	A	C	250	0.236	-0.171109	0.047091	-0.0264038	0.233671	0.430402	0.95644	0.731537
rs632	rs632	1	632	A	C	250	0.218	0.0954368	0.0463513	-0.0509645	0.207474	0.657558	0.910912	0.901248
rs633	rs633	1	633	A	C	250	0.152	0.140256	0.0692902	0.122486	0.340133	0.594153	0.833651	0.849578
rs634	rs634	1	634	A	C	250	0.278	-0.0599658	0.042784	-0.144215	0.213059	0.771885	0.754709	0.913303
rs635	rs635	1	635	A	C	250	0.112	0.468241	0.087892	0.607849	0.492346	0.114242	0.386334	0.205996
rs636	rs636	1	636	A	C	250	0.356	0.110354	0.0371951	0.281674	0.173403	0.567189	0.498772	0.67475
rs637	rs637	1	637	A	C	250	0.244	0.352258	0.0424312	0.0705974	0.195017	0.0872495	0.872988	0.230704
rs638	rs638	1	638	A	C	250	0.136	-0.239403	0.0743219	0.986082	0.325168	0.37986	0.0837633	0.155365
rs639	rs639	1	639	A	C	250	0.092	0.138525	0.105344	0.276352	0.469956	0.669525	0.68686	0.841201
rs640	rs640	1	640	A	C	250	0.286	-0.430716	0.044003	-0.465355	0.229056	0.0400444	0.330886	0.0746521
rs641	rs641	1	641	A	C	250	0.114	0.182343	0.0697912	-0.0972933	0.285195	0.490055	0.855438	0.775697
rs642	rs642	1	642	A	C	250	0.278	0.0657079	0.0388999	0.0750589	0.177301	0.739019	0.858521	0.932762
rs643	rs643	1	643	A	C	250	0.34	-0.0717225	0.0341538	0.263716	0.175674	0.697947	0.529223	0.75889
rs644	rs644	1	644	A	C	250	0.352	-0.0580391	0.0340086	0.463559	0.158759	0.752973	0.24466	0.483137
rs645	rs645	1	645	A	C	250	0.124	-0.151716	0.0720717	-0.661389	0.378474	0.571984	0.282341	0.47254
rs646	rs646	1	646	A	C	250	0.156	-0.171166	0.0654611	-0.37129	0.282778	0.503496	0.485042	0.616245
rs647	rs647	1	647	A	C	250	0.266	-0.220846	0.0422056	-0.157141	0.197701	0.282379	0.723778	0.524778
rs648	rs648	1	648	A	C	250	0.436	-0.128003	0.0341463	0.593977	0.153027	0.488496	0.128915	0.251692
rs649	rs649	1	649	A	C	250	0.208	0.17217	0.0503143	0.529025	0.207171	0.442749	0.245121	0.382962
rs650	rs650	1	650	A	C	250	0.094	-0.451524	0.107369	0.882488	0.52148	0.16821	0.221688	0.170794
rs651	rs651	1	651	A	C	250	0.28	0.0701652	0.0439766	-0.49868	0.199917	0.737936	0.264716	0.508293
rs652	rs652	1	652	A	C	250	0.244	0.00229767	0.0430612	0.428534	0.208183	0.991166	0.347623	0.643281
rs653	rs653	1	653	A	C	250	0.378	0.0168567	0.0377749	0.156483	0.172122	0.930886	0.70604	0.927254
rs654	rs654	1	654	A	C	250	0.272	-0.0203992	0.0418378	-0.0740894	0.192035	0.920558	0.865742	0.981399
rs655	rs655	1	655	A	C	250	0.306	0.220553	0.0400896	1.10325	0.192619	0.270666	0.0119449	0.0239021
rs656	rs656	1	656	A	C	250	0.288	-0.246028	0.0401232	-0.584969	0.184086	0.219354	0.172757	0.18317
rs657	rs657	1	657	A	C	250	0.35	0.015508	0.0329269	-0.231042	0.147782	0.931893	0.547835	0.830271
rs658	rs658	1	658	A	C	250	0.292	-0.0956044	0.0451806	-0.101157	0.199246	0.652868	0.820718	0.88044
rs659	rs659	1	659	A	C	250	0.41	-0.0588646	0.0312012	-0.111749	0.140383	0.738946	0.765509	0.905052
rs660	rs660	1	660	A	C	250	0.226	0.0502502	0.0469681	-0.486311	0.223129	0.816643	0.303234	0.57288
rs661	rs661	1	661	A	C	250	0.358	-0.249974	0.041187	-0.447985	0.204838	0.218051	0.32226	0.282765
rs662	rs662	1	662	A	C	250	0.36	-0.0394456	0.0355991	0.0931827	0.152193	0.834398	0.811217	0.950648
rs663	rs663	1	663	A	C	250	0.248	0.00129877	0.042584	-0.193105	0.191512	0.994978	0.659024	0.907233
rs664	rs664	1	664	A	C	250	0.12	0.332079	0.0732895	0.0652231	0.395177	0.219954	0.917364	0.4703
rs665	rs665	1	665	A	C	250	0.18	0.174098	0.0623494	-0.59034	0.284053	0.485658	0.268013	0.439057
rs666	rs666	1	666	A	C	250	0.258	0.354478	0.0411098	-0.0285438	0.220467	0.0804112	0.951526	0.216108
rs667	rs667	1	667	A	C	250	0.29	-0.0598466	0.040432	-0.504464	0.183081	0.765985	0.238404	0.478635
rs668	rs668	1	668	A	C	250	0.254	0.112995	0.0463059	0.608969	0.220893	0.599514	0.195079	0.383467
rs669	rs669	1	669	A	C	250	0.246	-0.256669	0.0456026	0.553252	0.204195	0.229392	0.220826	0.218668
rs670	rs670	1	670	A	C	250	0.324	-0.108081	0.0392772	0.911751	0.179583	0.58551	0.0314357	0.084506
rs671	rs671	1	671	A	C	250	0.16	0.158781	0.062861	0.895139	0.319885	0.526539	0.113494	0.235356
rs672	rs672	1	672	A	C	250	0.306	-0.18671	0.0384789	-0.407906	0.179321	0.341186	0.335416	0.388397
rs673	rs673	1	673	A	C	250	0.152	-0.77627	0.0655792	0.0526421	0.350674	0.00243497	0.929165	0.0101073
rs674	rs674	1	674	A	C	250	0.268	0.0246955	0.0422674	-1.47317	0.20253	0.904388	0.0010624	0.0047086
rs675	rs675	1	675	A	C	250	0.21	-0.197135	0.0492514	0.173747	0.269997	0.374384	0.738094	0.639216
rs676	rs676	1	676	A	C	250	0.254	0.0360444	0.0427594	0.689456	0.203629	0.861622	0.126544	0.306442
rs677	rs677	1	677	A	C	250	0.298	-0.00817354	0.0382997	-0.394919	0.175685	0.966686	0.346092	0.640366
rs678	rs678	1	678	A	C	250	0.286	-0.348251	0.0419944	-0.277173	0.205243	0.0892426	0.540664	0.194476
rs679	rs679	1	679	A	C	250	0.286	0.0916519	0.0440583	0.0615772	0.226246	0.662369	0.896995	0.901908
rs680	rs680	1	680	A	C	250	0.17	0.210038	0.0657266	-0.153969	0.33289	0.412631	0.789577	0.6905
rs681	rs681	1	681	A	C	250	0.124	0.0226646	0.0756394	0.0175014	0.377801	0.934322	0.977285	0.996217
rs682	rs682	1	682	A	C	250	0.264	-0.137899	0.0446039	-0.0156793	0.199647	0.513793	0.972007	0.807624
rs683	rs683	1	683	A	C	250	0.414	-0.24056	0.0387539	0.0755739	0.174117	0.221713	0.856278	0.46854
rs684	rs684	1	684	A	C	250	0.358	-0.0830314	0.0371465	-0.416729	0.1915	0.666608	0.34095	0.58374
rs685	rs685	1	685	A	C	250	0.256	-0.204169	0.042364	-0.945142	0.197996	0.32122	0.0336645	0.0635645
rs686	rs686	1	686	A	C	250	0.114	0.0845151	0.08021	0.0286693	0.455553	0.765387	0.966119	0.955471
rs687	rs687	1	687	A	C	250	0.236	-0.228529	0.0420689	0.278237	0.181085	0.265197	0.513213	0.434633
rs688	rs688	1	688	A	C	250	0.226	-0.129828	0.0431102	-0.212749	0.205146	0.531783	0.638558	0.745675
rs689	rs689	1	689	A	C	250	0.392	0.0618629	0.0359283	0.0605174	0.161205	0.744143	0.880191	0.935499
rs690	rs690	1	690	A	C	250	0.232	0.149995	0.0427845	0.990075	0.2292	0.468355	0.0386352	0.0877869
rs691	rs691	1	691	A	C	250	0.414	0.0204558	0.0340129	-0.397536	0.163251	0.911683	0.325168	0.6135
rs692	rs692	1	692	A	C	250	0.214	-0.0776084	0.0500568	0.763176	0.208514	0.728683	0.0946605	0.235757
rs693	rs693	1	693	A	C	250	0.298	0.358435	0.042057	-0.616947	0.173829	0.0804994	0.138941	0.0768699
rs694	rs694	1	694	A	C	250	0.352	0.199872	0.0355439	0.506129	0.168601	0.289075	0.217716	0.264812
rs695	rs695	1	695	A	C	250	0.236	-0.173247	0.0474491	0.587842	0.22786	0.426416	0.218144	0.334768
rs696	rs696	1	696	A	C	250	0.374	-0.0860203	0.0324739	0.193697	0.16963	0.633115	0.638143	0.800893
rs697	rs697	1	697	A	C	250	0.334	-0.0632419	0.0346327	-0.0375294	0.168983	0.733985	0.927258	0.939918
rs698	rs698	1	698	A	C	250	0.354	0.104932	0.0339818	0.217555	0.168362	0.569202	0.595966	0.740051
rs699	rs699	1	699	A	C	250	0.29	0.176088	0.0385335	-0.132636	0.167778	0.3697	0.74608	0.63689
rs700	rs700	1	700	A	C	250	0.248	-0.0167437	0.0503965	0.184232	0.240365	0.940545	0.707084	0.929996
rs701	rs701	1	701	A	C	250	0.244	-0.262426	0.0480344	-0.890271	0.217495	0.23116	0.056267	0.0769663
rs702	rs702	1	702	A	C	250	0.302	0.398289	0.040549	0.437404	0.193233	0.0479381	0.319715	0.0950941
rs703	rs703	1	703	A	C	250	0.096	0.273335	0.0872303	0.546591	0.521146	0.354722	0.448959	0.505717
rs704	rs704	1	704	A	C	250	0.262	0.0316821	0.0450622	0.722867	0.214747	0.881358	0.118786	0.292469
rs705	rs705	1	705	A	C	250	0.124	0.406214	0.0719241	0.143751	0.305273	0.129856	0.794728	0.304729
rs706	rs706	1	706	A	C	250	0.204	-0.0655835	0.0448132	-0.131633	0.197918	0.756708	0.767318	0.909156
rs707	rs707	1	707	A	C	250	0.108	-0.374099	0.084163	0.72629	0.493952	0.197219	0.301417	0.249339
rs708	rs708	1	708	A	C	250	0.122	-0.36627	0.0678656	-0.979605	0.292437	0.159732	0.0700659	0.0666863
rs709	rs709	1	709	A	C	250	0.356	0.199788	0.0377386	0.393927	0.199454	0.303746	0.377749	0.409292
rs710	rs710	1	710	A	C	250	0.242	-0.0833272	0.044412	1.02216	0.205474	0.692548	0.0241347	0.074234
rs711	rs711	1	711	A	C	250	0.45	0.0350625	0.0310721	0.139077	0.149178	0.842333	0.718785	0.916521
rs712	rs712	1	712	A	C	250	0.332	-0.0183383	0.0358182	1.4029	0.184867	0.922809	0.00110296	0.00487601
rs713	rs713	1	713	A	C	250	0.372	0.269381	0.0389069	-0.603046	0.171346	0.172035	0.145158	0.131445
rs714	rs714	1	714	A	C	250	0.088	0.329873	0.10641	0.231348	0.5052	0.311899	0.744812	0.569027
rs715	rs715	1	715	A	C	250	0.17	-0.0842349	0.0577607	0.603874	0.240126	0.725971	0.217826	0.435427
rs716	rs716	1	716	A	C	250	0.132	0.184878	0.0694495	0.024807	0.291837	0.482969	0.963374	0.780662
rs717	rs717	1	717	A	C	250	0.214	-0.311971	0.0527697	-0.220678	0.23617	0.174442	0.649761	0.355716
rs718	rs718	1	718	A	C	250	0.19	0.115207	0.0595506	-0.264087	0.280664	0.636855	0.61814	0.789149
rs719	rs719	1	719	A	C	250	0.298	-0.100834	0.0393883	-0.263287	0.182312	0.611403	0.537481	0.724315
rs720	rs720	1	720	A	C	250	0.216	0.145242	0.054429	0.0136815	0.254904	0.533579	0.978381	0.822994
rs721	rs721	1	721	A	C	250	0.416	-0.212515	0.031702	0.302355	0.139707	0.232648	0.418559	0.349536
rs722	rs722	1	722	A	C	250	0.296	-0.129618	0.0410374	0.0572986	0.199442	0.522274	0.89791	0.807626
rs723	rs723	1	723	A	C	250	0.144	0.0666628	0.0639085	0.138635	0.306249	0.792014	0.802189	0.93808
rs724	rs724	1	724	A	C	250	0.342	0.144794	0.0365738	0.124877	0.167611	0.448979	0.760349	0.71541
rs725	rs725	1	725	A	C	250	0.298	0.142693	0.0413677	0.132422	0.18661	0.482948	0.759191	0.748422
rs726	rs726	1	726	A	C	250	0.074	0.399234	0.121354	-0.524577	0.704257	0.251779	0.531911	0.432731
rs727	rs727	1	727	A	C	250	0.134	-0.347639	0.0686782	0.343024	0.324105	0.184662	0.546819	0.352094
rs728	rs728	1	728	A	C	250	0.16	-0.183896	0.0655986	0.511457	0.326224	0.472757	0.370536	0.516512
rs729	rs729	1	729	A	C	250	0.164	0.194174	0.0676881	-0.775931	0.30824	0.455464	0.162238	0.29477
rs730	rs730	1	730	A	C	250	0.108	0.191551	0.0791395	-1.47168	0.410523	0.49593	0.0216237	0.0578377
rs731	rs731	1	731	A	C	250	0.39	-0.0486044	0.0358303	-0.279209	0.172902	0.797353	0.501919	0.771424
rs732	rs732	1	732	A	C	250	0.124	-0.248595	0.0786973	0.875793	0.326073	0.375532	0.1251	0.210846
rs733	rs733	1	733	A	C	250	0.298	0.24372	0.0460917	0.565003	0.203699	0.256284	0.210621	0.24668
rs734	rs734	1	734	A	C	250	0.198	-0.290053	0.0545497	-0.694645	0.255676	0.214279	0.169509	0.17506
rs735	rs735	1	735	A	C	250	0.188	-0.187492	0.054096	-0.797444	0.240655	0.420172	0.104043	0.185688
rs736	rs736	1	736	A	C	250	0.362	0.166574	0.0373631	-0.337561	0.175556	0.388819	0.420447	0.507049
rs737	rs737	1	737	A	C	250	0.222	-0.375558	0.0509423	0.574773	0.246784	0.0961242	0.247268	0.135317
rs738	rs738	1	738	A	C	250	0.152	-0.195629	0.0691669	0.637431	0.359436	0.456969	0.287683	0.420316
rs739	rs739	1	739	A	C	250	0.316	-0.0574227	0.0400312	0.18889	0.196104	0.774111	0.66971	0.877724
rs740	rs740	1	740	A	C	250	0.306	0.494917	0.0394893	-0.796184	0.182153	0.0127551	0.0621117	0.00873429
rs741	rs741	1	741	A	C	250	0.254	-0.098566	0.0472713	0.108455	0.232366	0.650301	0.821988	0.881784
rs742	rs742	1	742	A	C	250	0.178	0.193975	0.0545549	-0.262598	0.300991	0.406268	0.63219	0.621268
rs743	rs743	1	743	A	C	250	0.266	0.296743	0.0425032	-0.970036	0.209301	0.150049	0.0339787	0.0385153
rs744	rs744	1	744	A	C	250	0.4	-0.0946675	0.0332873	0.0506727	0.143713	0.603849	0.893666	0.865985
rs745	rs745	1	745	A	C	250	0.326	0.320746	0.0382123	-0.84702	0.176757	0.100836	0.0439387	0.036864
rs746	rs746	1	746	A	C	250	0.19	-0.0783739	0.0509917	0.0203486	0.267481	0.728536	0.968616	0.940698
rs747	rs747	1	747	A	C	250	0.268	0.017824	0.0405856	0.165511	0.194015	0.9295	0.707097	0.929168
rs748	rs748	1	748	A	C	250	0.202	0.104748	0.0443289	0.00648743	0.214361	0.61883	0.98882	0.883559
rs749	rs749	1	749	A	C	250	0.186	0.327443	0.0519667	0.992887	0.242245	0.150891	0.0436634	0.0526062
rs750	rs750	1	750	A	C	250	0.342	0.0389707	0.0385485	-0.151911	0.169697	0.842663	0.712301	0.916834
rs751	rs751	1	751	A	C	250	0.168	0.166527	0.0616399	-0.378542	0.2793	0.502388	0.473823	0.6246
rs752	rs752	1	752	A	C	250	0.198	0.0923265	0.0488407	0.156855	0.245352	0.676117	0.751496	0.869218
rs753	rs753	1	753	A	C	250	0.204	-0.482909	0.0496964	-0.663628	0.222883	0.0302943	0.159819	0.0350914
rs754	rs754	1	754	A	C	250	0.156	0.295075	0.0602765	0.0109336	0.286303	0.229412	0.983697	0.485576
rs755	rs755	1	755	A	C	250	0.344	0.0270611	0.0389223	-0.0580392	0.167752	0.8909	0.887312	0.98101
rs756	rs756	1	756	A	C	250	0.186	0.440859	0.0515866	0.250094	0.289089	0.0522551	0.641828	0.136252
rs757	rs757	1	757	A	C	250	0.156	-0.448471	0.0682148	-0.0841293	0.338807	0.0859617	0.885079	0.224447
rs758	rs758	1	758	A	C	250	0.396	0.0595488	0.0350954	-0.608682	0.159359	0.750584	0.127318	0.29569
rs759	rs759	1	759	A	C	250	0.3	-0.454099	0.0378666	0.0931929	0.169516	0.0196179	0.82093	0.0644449
rs760	rs760	1	760	A	C	250	0.334	-0.135702	0.0373186	0.302146	0.164889	0.482391	0.456827	0.58745
rs761	rs761	1	761	A	C	250	0.194	-0.247081	0.0573274	0.342246	0.264268	0.302095	0.505566	0.478995
rs762	rs762	1	762	A	C	250	0.236	0.128993	0.0494948	-0.466973	0.219275	0.562043	0.31865	0.518611
rs763	rs763	1	763	A	C	250	0.292	0.0688778	0.0410599	-0.588946	0.178658	0.733921	0.163511	0.35803
rs764	rs764	1	764	A	C	250	0.232	-0.402967	0.0432846	-0.51501	0.247945	0.0527598	0.301006	0.0910434
rs765	rs765	1	765	A	C	250	0.178	0.0169619	0.051729	-0.514347	0.24982	0.940551	0.303449	0.587921
rs766	rs766	1	766	A	C	250	0.222	0.346307	0.04958	0.742624	0.221522	0.11988	0.114605	0.0855724
rs767	rs767	1	767	A	C	250	0.152	-0.0654527	0.0666294	-0.423989	0.284006	0.799829	0.426269	0.700999
rs768	rs768	1	768	A	C	250	0.292	-0.177805	0.038437	0.254876	0.17991	0.364447	0.547908	0.547924
rs769	rs769	1	769	A	C	250	0.246	0.129794	0.0442991	-0.477813	0.209731	0.537449	0.296791	0.481555
rs770	rs770	1	770	A	C	250	0.282	0.0553263	0.0396717	0.741653	0.170531	0.781186	0.0724993	0.192989
rs771	rs771	1	771	A	C	250	0.352	0.196036	0.0323979	-0.349682	0.169236	0.276099	0.395317	0.38348
rs772	rs772	1	772	A	C	250	0.322	0.15475	0.0390262	-0.642609	0.180759	0.433425	0.130672	0.240473
rs773	rs773	1	773	A	C	250	0.286	-0.00381425	0.0435433	-0.619687	0.187737	0.985416	0.15266	0.359581
rs774	rs774	1	774	A	C	250	0.116	0.143227	0.0896337	0.247212	0.374281	0.632367	0.686152	0.828284
rs775	rs775	1	775	A	C	250	0.102	0.103509	0.0940056	1.14202	0.429643	0.735664	0.0814569	0.206679
rs776	rs776	1	776	A	C	250	0.106	-0.447232	0.093068	-0.247738	0.434075	0.14265	0.706902	0.317792
rs777	rs777	1	777	A	C	250	0.214	-0.10005	0.048485	0.303932	0.218008	0.64956	0.515086	0.727453
rs778	rs778	1	778	A	C	250	0.278	-0.204166	0.0428426	0.0817997	0.188472	0.323944	0.850547	0.606877
rs779	rs779	1	779	A	C	250	0.28	0.335484	0.0422561	0.165744	0.184261	0.102674	0.699409	0.247961
rs780	rs780	1	780	A	C	250	0.234	0.0385004	0.0477165	-0.376949	0.21479	0.860097	0.416019	0.709364
rs781	rs781	1	781	A	C	250	0.262	0.0984632	0.0451096	0.453743	0.235774	0.642937	0.350065	0.57749
rs782	rs782	1	782	A	C	250	0.22	-0.281922	0.0445626	-0.174315	0.199238	0.181713	0.696147	0.374468
rs783	rs783	1	783	A	C	250	0.114	-0.132558	0.0893258	-0.437212	0.406338	0.657388	0.492788	0.707669
rs784	rs784	1	784	A	C	250	0.228	-0.321465	0.0465855	-0.317849	0.232394	0.136385	0.509678	0.268601
rs785	rs785	1	785	A	C	250	0.15	0.13928	0.0609822	-0.220051	0.318982	0.572746	0.696818	0.788386
rs786	rs786	1	786	A	C	250	0.33	0.0650112	0.0364097	0.0120392	0.160629	0.733325	0.976036	0.943075
rs787	rs787	1	787	A	C	250	0.24	0.331875	0.0425211	-0.417041	0.203118	0.107523	0.354786	0.177922
rs788	rs788	1	788	A	C	250	0.34	0.109124	0.0414036	-0.357328	0.217289	0.591756	0.443341	0.64273
rs789	rs789	1	789	A	C	250	0.376	-0.364338	0.0321382	-0.294309	0.170164	0.0421208	0.475561	0.0959669
rs790	rs790	1	790	A	C	250	0.168	-0.120605	0.0662965	-0.0068119	0.315225	0.639497	0.99032	0.896082
rs791	rs791	1	791	A	C	250	0.336	-0.079492	0.0402392	0.811314	0.176249	0.691901	0.0532945	0.142855
rs792	rs792	1	792	A	C	250	0.248	0.0154963	0.0455383	-0.36759	0.207898	0.942111	0.420133	0.721511
rs793	rs793	1	793	A	C	250	0.154	-0.18367	0.0694592	-0.600588	0.343994	0.485862	0.305834	0.461544
rs794	rs794	1	794	A	C	250	0.326	0.113946	0.0364258	0.47761	0.165728	0.550489	0.240712	0.419239
rs795	rs795	1	795	A	C	250	0.29	0.00820683	0.0374009	-0.14836	0.197395	0.966151	0.738437	0.944978
rs796	rs796	1	796	A	C	250	0.346	0.5275	0.0356343	-0.493881	0.151532	0.00519956	0.204537	0.00903937
rs797	rs797	1	797	A	C	250	0.378	0.0521075	0.032915	-0.171261	0.163543	0.77395	0.671939	0.878328
rs798	rs798	1	798	A	C	250	0.348	0.188551	0.0343928	-0.313868	0.15322	0.309295	0.422645	0.43123
rs799	rs799	1	799	A	C	250	0.24	-0.0125566	0.0450815	0.23466	0.198562	0.952841	0.598463	0.869255
rs800	rs800	1	800	A	C	250	0.334	-0.122507	0.0355493	0.7208	0.170392	0.515854	0.0807793	0.173664
rs801	rs801	1	801	A	C	250	0.308	0.153051	0.0365273	-0.00281307	0.181244	0.423242	0.994728	0.725491
rs802	rs802	1	802	A	C	250	0.104	-0.249182	0.0852653	0.399296	0.353715	0.393462	0.501978	0.558749
rs803	rs803	1	803	A	C	250	0.258	-0.385163	0.0425588	-0.301389	0.218321	0.0618983	0.518909	0.140784
rs804	rs804	1	804	A	C	250	0.282	-0.0954298	0.0449161	0.237149	0.202193	0.652508	0.597917	0.788933
rs805	rs805	1	805	A	C	250	0.32	-0.116263	0.0331725	-0.287188	0.167154	0.523254	0.482406	0.637199
rs806	rs806	1	806	A	C	250	0.244	0.120058	0.0455045	0.672906	0.195594	0.573562	0.12813	0.267804
rs807	rs807	1	807	A	C	250	0.108	0.537271	0.0813649	0.493176	0.3745	0.0596272	0.420306	0.137758
rs808	rs808	1	808	A	C	250	0.148	0.29309	0.0694383	0.278418	0.335088	0.266032	0.630537	0.479067
rs809	rs809	1	809	A	C	250	0.1	0.0176614	0.0998007	1.18473	0.502836	0.955417	0.0947738	0.247373
rs810	rs810	1	810	A	C	250	0.246	-0.0719395	0.0393145	-0.650371	0.183291	0.716739	0.128734	0.293347
rs811	rs811	1	811	A	C	250	0.222	0.307941	0.0491824	-0.0623023	0.226748	0.164968	0.895904	0.377915
rs812	rs812	1	812	A	C	250	0.248	-0.137159	0.0420941	0.129445	0.204259	0.503803	0.774561	0.76376
rs813	rs813	1	813	A	C	250	0.334	0.244882	0.0379572	0.131149	0.19094	0.208779	0.764074	0.436732
rs814	rs814	1	814	A	C	250	0.386	0.0397966	0.0324431	0.157998	0.143142	0.825135	0.676235	0.893077
rs815	rs815	1	815	A	C	250	0.328	0.113889	0.0344508	0.530335	0.153549	0.539484	0.175927	0.328472
rs816	rs816	1	816	A	C	250	0.418	-0.057687	0.0331217	0.520858	0.158392	0.751265	0.190623	0.404956
rs817	rs817	1	817	A	C	250	0.126	0.333023	0.0761069	0.476342	0.328459	0.227373	0.40589	0.356838
rs818	rs818	1	818	A	C	250	0.408	0.305236	0.0326732	0.506888	0.14529	0.0912868	0.183576	0.100136
rs819	rs819	1	819	A	C	250	0.298	-0.154408	0.0392426	0.528245	0.187126	0.435711	0.22203	0.348845
rs820	rs820	1	820	A	C	250	0.398	-0.0264491	0.0335768	-0.194456	0.157187	0.885231	0.623801	0.877593
rs821	rs821	1	821	A	C	250	0.158	-0.197891	0.0560283	-0.122591	0.252931	0.403137	0.807418	0.686374
rs822	rs822	1	822	A	C	250	0.384	0.118743	0.0352637	-0.316618	0.167346	0.52717	0.438944	0.606836
rs823	rs823	1	823	A	C	250	0.376	-0.0555656	0.0350348	0.384274	0.176642	0.766571	0.360553	0.630996
rs824	rs824	1	824	A	C	250	0.178	0.504246	0.0528593	-0.346089	0.277463	0.0282916	0.511161	0.068485
rs825	rs825	1	825	A	C	250	0.358	0.265826	0.0351949	-0.199207	0.158489	0.156495	0.616803	0.328169
rs826	rs826	1	826	A	C	250	0.136	-0.176856	0.0623262	-0.456512	0.296189	0.478691	0.401571	0.565342
rs827	rs827	1	827	A	C	250	0.264	-0.0643985	0.0434363	0.664521	0.185917	0.757327	0.123276	0.290118
rs828	rs828	1	828	A	C	250	0.392	0.320885	0.0362244	0.227555	0.16425	0.0918023	0.574471	0.200622
rs829	rs829	1	829	A	C	250	0.14	0.208557	0.0718011	1.10171	0.325809	0.436378	0.0535902	0.11181
rs830	rs830	1	830	A	C	250	0.16	0.106407	0.0665097	-1.45122	0.303271	0.6799	0.00840827	0.0285345
rs831	rs831	1	831	A	C	250	0.364	-0.107312	0.0339717	-0.399119	0.155861	0.560415	0.312036	0.497049
rs832	rs832	1	832	A	C	250	0.344	0.135043	0.0373198	0.46611	0.173323	0.484526	0.262887	0.422065
rs833	rs833	1	833	A	C	250	0.298	-0.290097	0.0380986	0.484951	0.182326	0.137216	0.256072	0.178779
rs834	rs834	1	834	A	C	250	0.248	-0.133307	0.0455479	0.107308	0.198254	0.532217	0.809553	0.803224
rs835	rs835	1	835	A	C	250	0.31	0.241005	0.0396676	0.591416	0.179144	0.226254	0.162322	0.176674
rs836	rs836	1	836	A	C	250	0.416	-0.152552	0.0387243	-0.030136	0.186431	0.43821	0.944357	0.73859
rs837	rs837	1	837	A	C	250	0.386	-0.127273	0.0320574	-0.229878	0.143348	0.477182	0.543746	0.639751
rs838	rs838	1	838	A	C	250	0.228	-0.32438	0.0462917	-0.218967	0.217698	0.131643	0.638854	0.288655
rs839	rs839	1	839	A	C	250	0.152	0.275163	0.062054	0.220324	0.288829	0.269333	0.681835	0.501762
rs840	rs840	1	840	A	C	250	0.23	0.276333	0.0549162	-0.479868	0.238501	0.238323	0.325805	0.311317
rs841	rs841	1	841	A	C	250	0.248	-0.0226976	0.0456613	-0.0444966	0.264496	0.915408	0.931053	0.990829
rs842	rs842	1	842	A	C	250	0.178	-0.130195	0.0539959	-0.484228	0.22828	0.57528	0.31083	0.488754
rs843	rs843	1	843	A	C	250	0.16	0.181671	0.0539113	-0.561378	0.279902	0.433961	0.288649	0.417329
rs844	rs844	1	844	A	C	250	0.316	0.225875	0.0480598	-0.00242497	0.234116	0.302854	0.996001	0.588011
rs845	rs845	1	845	A	C	250	0.342	-0.280755	0.0328963	0.902206	0.146253	0.121637	0.0183173	0.018513
rs846	rs846	1	846	A	C	250	0.358	-0.382115	0.0359972	-0.485978	0.157963	0.0440093	0.221423	0.0573604
rs847	rs847	1	847	A	C	250	0.206	-0.0672001	0.0420352	-0.914582	0.178322	0.743089	0.0303259	0.0909642
rs848	rs848	1	848	A	C	250	0.222	-0.208539	0.0452033	0.265	0.210161	0.326668	0.563226	0.529946
rs849	rs849	1	849	A	C	250	0.192	0.0541773	0.0494963	0.524387	0.210665	0.807604	0.253247	0.501811
rs850	rs850	1	850	A	C	250	0.366	0.189855	0.0386078	0.0253071	0.168213	0.333924	0.950799	0.625248
rs851	rs851	1	851	A	C	250	0.252	0.321252	0.0453195	-0.529714	0.215034	0.131286	0.253321	0.178047
rs852	rs852	1	852	A	C	250	0.118	0.733493	0.081668	-0.391064	0.364516	0.010268	0.517165	0.0310325
rs853	rs853	1	853	A	C	250	0.246	0.129264	0.0424659	-0.00591618	0.218025	0.53048	0.989891	0.821376
rs854	rs854	1	854	A	C	250	0.294	-0.0701431	0.0373166	-0.206968	0.169632	0.716526	0.615305	0.823233
rs855	rs855	1	855	A	C	250	0.336	0.21474	0.0379324	-0.524803	0.181595	0.270213	0.218125	0.258573
rs856	rs856	1	856	A	C	250	0.298	0.168527	0.0407394	0.281197	0.186596	0.403744	0.515067	0.578221
rs857	rs857	1	857	A	C	250	0.124	0.329528	0.0719239	-0.343746	0.297464	0.219174	0.528523	0.397427
rs858	rs858	1	858	A	C	250	0.162	0.244624	0.0597531	-0.241646	0.280329	0.316956	0.648102	0.547076
rs859	rs859	1	859	A	C	250	0.354	0.108259	0.0328264	0.114177	0.145484	0.550158	0.764678	0.798714
rs860	rs860	1	860	A	C	250	0.256	-0.0294795	0.0462291	-0.0711591	0.266095	0.890946	0.890282	0.981288
rs861	rs861	1	861	A	C	250	0.204	0.234367	0.045808	0.458773	0.203557	0.273504	0.309228	0.323722
rs862	rs862	1	862	A	C	250	0.262	-0.460841	0.0444675	-0.42257	0.214106	0.02886	0.361117	0.0590619
rs863	rs863	1	863	A	C	250	0.27	0.137689	0.0395582	-0.20093	0.179989	0.488761	0.635777	0.699311
rs864	rs864	1	864	A	C	250	0.332	0.122576	0.0340074	-0.504117	0.162772	0.506249	0.211477	0.369441
rs865	rs865	1	865	A	C	250	0.214	-0.0983835	0.0514056	0.101872	0.219239	0.664341	0.827766	0.890265
rs866	rs866	1	866	A	C	250	0.356	-0.0951156	0.0363342	-0.427008	0.191169	0.617785	0.328756	0.548149
rs867	rs867	1	867	A	C	250	0.258	-0.154102	0.0401946	0.600486	0.187988	0.442106	0.166064	0.282986
rs868	rs868	1	868	A	C	250	0.222	-0.162959	0.0504854	0.405362	0.258938	0.468289	0.425678	0.560353
rs869	rs869	1	869	A	C	250	0.106	0.0462584	0.0800821	0.872009	0.45847	0.870153	0.197798	0.43349
rs870	rs870	1	870	A	C	250	0.1	-0.22344	0.08406	-0.162839	0.358195	0.440905	0.78556	0.718382
rs871	rs871	1	871	A	C	250	0.108	0.216403	0.0864344	0.08665	0.377743	0.461687	0.887883	0.754573
rs872	rs872	1	872	A	C	250	0.28	-0.0353524	0.0431296	-0.00614291	0.188217	0.864831	0.988703	0.985257
rs873	rs873	1	873	A	C	250	0.108	-0.010613	0.0788448	-0.310275	0.312736	0.96985	0.579013	0.855322
rs874	rs874	1	874	A	C	250	0.384	-0.105882	0.0346264	0.244619	0.169844	0.56935	0.552806	0.716407
rs875	rs875	1	875	A	C	250	0.218	0.0571503	0.0528257	0.0325492	0.233068	0.803628	0.946246	0.9666
rs876	rs876	1	876	A	C	250	0.268	0.120022	0.0391271	0.613561	0.178614	0.544004	0.146564	0.290448
rs877	rs877	1	877	A	C	250	0.208	-0.112429	0.0497153	0.149025	0.216787	0.614097	0.748916	0.833079
rs878	rs878	1	878	A	C	250	0.196	0.0617136	0.0541928	0.288748	0.261367	0.790932	0.572211	0.822736
rs879	rs879	1	879	A	C	250	0.254	-0.0628697	0.0421298	-0.422208	0.219475	0.759377	0.367467	0.631418
rs880	rs880	1	880	A	C	250	0.24	-0.114458	0.0481223	-0.41177	0.195774	0.601835	0.352044	0.564935
rs881	rs881	1	881	A	C	250	0.322	-0.429333	0.0392032	0.53432	0.174665	0.0301306	0.201075	0.0441858
rs882	rs882	1	882	A	C	250	0.176	-0.0771972	0.0611708	-0.154134	0.270333	0.754945	0.766887	0.911316
rs883	rs883	1	883	A	C	250	0.198	-0.0125212	0.0523479	0.303087	0.242387	0.956357	0.538146	0.82672
rs884	rs884	1	884	A	C	250	0.178	-0.195047	0.0524085	-0.186946	0.271336	0.394216	0.719676	0.653021
rs885	rs885	1	885	A	C	250	0.392	0.273908	0.0354168	0.154584	0.182189	0.145542	0.717231	0.324745
rs886	rs886	1	886	A	C	250	0.256	0.296609	0.0435165	0.132421	0.186511	0.155067	0.759131	0.353568
rs887	rs887	1	887	A	C	250	0.162	0.0881183	0.0626327	0.702991	0.324562	0.724763	0.217218	0.439567
rs888	rs888	1	888	A	C	250	0.19	-0.205343	0.0569426	-0.234017	0.251478	0.389501	0.640746	0.622975
rs889	rs889	1	889	A	C	250	0.202	0.123688	0.0524621	-0.23259	0.26759	0.589188	0.652977	0.786317
rs890	rs890	1	890	A	C	250	0.14	-0.015604	0.0695001	0.0589228	0.327696	0.952801	0.918017	0.992847
rs891	rs891	1	891	A	C	250	0.184	-0.183826	0.0536312	0.375508	0.232765	0.427325	0.436379	0.537601
rs892	rs892	1	892	A	C	250	0.364	0.222286	0.0379106	0.826186	0.170044	0.253601	0.0451201	0.0745618
rs893	rs893	1	893	A	C	250	0.292	-0.319779	0.0376657	0.0160554	0.18515	0.0994147	0.970235	0.257314
rs894	rs894	1	894	A	C	250	0.274	-0.0566204	0.041384	-0.440727	0.175802	0.780761	0.293197	0.551383
rs895	rs895	1	895	A	C	250	0.12	-0.167277	0.0843603	-0.0157075	0.391584	0.564665	0.979974	0.847126
rs896	rs896	1	896	A	C	250	0.344	0.140989	0.0357216	0.608934	0.164147	0.455688	0.132844	0.245034
rs897	rs897	1	897	A	C	250	0.214	0.21259	0.0481948	0.577629	0.221559	0.332857	0.21976	0.292999
rs898	rs898	1	898	A	C	250	0.128	-0.0187223	0.0660325	-0.0314093	0.29445	0.941919	0.953842	0.995709
rs899	rs899	1	899	A	C	250	0.164	-0.253747	0.0539277	0.0183225	0.253453	0.274533	0.970968	0.549643
rs900	rs900	1	900	A	C	250	0.222	-0.167496	0.0508144	0.93482	0.232342	0.45746	0.0524545	0.119479
rs901	rs901	1	901	A	C	250	0.234	-0.192962	0.0460184	0.298863	0.229724	0.368381	0.532926	0.545156
rs902	rs902	1	902	A	C	250	0.096	-0.594897	0.0973966	0.934709	0.491146	0.0566234	0.182289	0.0639883
rs903	rs903	1	903	A	C	250	0.252	-0.14975	0.0422168	-0.565307	0.199812	0.466109	0.205993	0.340569
rs904	rs904	1	904	A	C	250	0.236	0.39378	0.0431874	0.215122	0.277868	0.0581121	0.683201	0.151488
rs905	rs905	1	905	A	C	250	0.16	-0.0287365	0.0650747	0.160385	0.301876	0.910309	0.770355	0.950863
rs906	rs906	1	906	A	C	250	0.19	-0.0489599	0.0501964	-0.26766	0.247204	0.827019	0.590343	0.842802
rs907	rs907	1	907	A	C	250	0.31	-0.257032	0.0392771	-0.332514	0.175466	0.194654	0.427308	0.310395
rs908	rs908	1	908	A	C	250	0.376	0.248827	0.0367107	-0.597841	0.174329	0.194056	0.152183	0.15301
rs909	rs909	1	909	A	C	250	0.176	0.219566	0.0625779	0.442823	0.30202	0.380098	0.420374	0.494131
rs910	rs910	1	910	A	C	250	0.24	-0.0429276	0.0494046	0.72324	0.267856	0.846856	0.162283	0.369151
rs911	rs911	1	911	A	C	250	0.306	0.174755	0.0406877	-0.308813	0.190708	0.386292	0.479475	0.537831
rs912	rs912	1	912	A	C	250	0.198	0.41605	0.0495816	-0.292304	0.274556	0.0616967	0.576945	0.14877
rs913	rs913	1	913	A	C	250	0.23	0.169336	0.0480676	-0.320278	0.225648	0.439897	0.500161	0.595223
rs914	rs914	1	914	A	C	250	0.144	0.0830621	0.0701175	-0.0313454	0.339668	0.753763	0.957108	0.950324
rs915	rs915	1	915	A	C	250	0.116	-0.131227	0.0755093	-0.324327	0.303752	0.632968	0.556218	0.754259
rs916	rs916	1	916	A	C	250	0.262	0.321466	0.0422659	-0.0781186	0.195911	0.117899	0.859907	0.291407
rs917	rs917	1	917	A	C	250	0.404	0.331603	0.038646	-0.223697	0.168319	0.0916399	0.585584	0.209608
rs918	rs918	1	918	A	C	250	0.356	-0.0128412	0.0347421	0.181226	0.195551	0.945075	0.681939	0.916326
rs919	rs919	1	919	A	C	250	0.358	0.286396	0.0383412	0.626381	0.1833	0.143569	0.143456	0.116333
rs920	rs920	1	920	A	C	250	0.22	0.263085	0.0502904	-0.554985	0.258732	0.240735	0.275238	0.282178
rs921	rs921	1	921	A	C	250	0.35	-0.0563089	0.0343271	-0.109602	0.14595	0.76119	0.774196	0.915403
rs922	rs922	1	922	A	C	250	0.344	-0.0665564	0.0345211	-0.394075	0.168625	0.72018	0.337226	0.594397
rs923	rs923	1	923	A	C	250	0.256	-0.298665	0.0363105	0.616083	0.163332	0.117031	0.127404	0.0864321
rs924	rs924	1	924	A	C	250	0.394	-0.0704459	0.0327135	-0.298699	0.142481	0.696917	0.428754	0.678518
rs925	rs925	1	925	A	C	250	0.264	-0.198245	0.041836	0.0983333	0.214621	0.33243	0.831906	0.610659
rs926	rs926	1	926	A	C	250	0.254	0.0664255	0.0453258	-0.127793	0.204047	0.755036	0.777249	0.916152
rs927	rs927	1	927	A	C	250	0.156	0.269884	0.0667124	-0.830235	0.332988	0.29607	0.15022	0.214796
rs928	rs928	1	928	A	C	250	0.388	0.0768707	0.0323987	-0.318091	0.159146	0.66933	0.425243	0.660339
rs929	rs929	1	929	A	C	250	0.284	0.0470205	0.0413247	0.523908	0.181032	0.817079	0.218196	0.454253
rs930	rs930	1	930	A	C	250	0.198	0.340775	0.0547727	-0.0920711	0.300379	0.14537	0.86659	0.338569
rs931	rs931	1	931	A	C	250	0.394	-0.105571	0.0343611	0.720732	0.16431	0.569	0.0753969	0.171952
rs932	rs932	1	932	A	C	250	0.266	-0.257252	0.0481045	0.0271756	0.213962	0.24083	0.953151	0.502365
rs933	rs933	1	933	A	C	250	0.148	0.00040226	0.0658273	-0.444144	0.345311	0.998749	0.449757	0.751516
rs934	rs934	1	934	A	C	250	0.406	-0.252447	0.0325679	-1.12687	0.160249	0.161854	0.00487788	0.00708563
rs935	rs935	1	935	A	C	250	0.408	0.164807	0.0376264	-0.2764	0.178135	0.39553	0.512544	0.568269
rs936	rs936	1	936	A	C	250	0.344	-0.0938596	0.0362387	0.540321	0.156577	0.621976	0.172099	0.353073
rs937	rs937	1	937	A	C	250	0.122	0.1082	0.0812145	0.940025	0.371972	0.704188	0.123246	0.282457
rs938	rs938	1	938	A	C	250	0.134	-0.307648	0.0703378	-0.0963259	0.334121	0.246048	0.86765	0.501646
rs939	rs939	1	939	A	C	250	0.238	-0.352498	0.0461262	0.383915	0.226995	0.100739	0.420359	0.1872
rs940	rs940	1	940	A	C	250	0.16	-0.110179	0.0613356	0.156335	0.287101	0.656406	0.770464	0.864564
rs941	rs941	1	941	A	C	250	0.288	0.0154207	0.0426221	0.76548	0.184957	0.940458	0.0750903	0.204842
rs942	rs942	1	942	A	C	250	0.162	-0.0567234	0.0630344	-0.420829	0.301798	0.821256	0.443657	0.728392
rs943	rs943	1	943	A	C	250	0.334	-0.251557	0.0353735	-0.221318	0.152162	0.181056	0.570466	0.350193
rs944	rs944	1	944	A	C	250	0.32	-0.22347	0.0410997	-0.472095	0.182451	0.270332	0.269056	0.287274
rs945	rs945	1	945	A	C	250	0.406	0.113276	0.0327843	0.440524	0.147066	0.531568	0.250673	0.426935
rs946	rs946	1	946	A	C	250	0.226	-0.0470603	0.0431704	-0.243022	0.185927	0.820815	0.573024	0.830212
rs947	rs947	1	947	A	C	250	0.382	-0.189504	0.0337053	-0.103747	0.155683	0.301974	0.792597	0.563245
rs948	rs948	1	948	A	C	250	0.282	-0.218653	0.0448856	-0.888111	0.203246	0.302047	0.0488435	0.0854547
rs949	rs949	1	949	A	C	250	0.282	-0.223819	0.0412554	-0.4739	0.174766	0.270489	0.256963	0.287897
rs950	rs950	1	950	A	C	250	0.352	-0.0146217	0.03407	0.00117147	0.159568	0.936861	0.99766	0.996861
rs951	rs951	1	951	A	C	250	0.274	-0.233891	0.0367497	0.679195	0.176947	0.222437	0.10639	0.137833
rs952	rs952	1	952	A	C	250	0.144	-0.168633	0.0621644	0.468149	0.292696	0.498817	0.386865	0.542092
rs953	rs953	1	953	A	C	250	0.296	0.180269	0.040731	-0.137774	0.195143	0.371739	0.75513	0.64189
rs954	rs954	1	954	A	C	250	0.172	-0.263289	0.0583361	-0.554745	0.272431	0.275671	0.287858	0.312178
rs955	rs955	1	955	A	C	250	0.21	0.222998	0.047649	0.511615	0.259825	0.306979	0.315525	0.361134
rs956	rs956	1	956	A	C	250	0.408	-0.419693	0.0400458	-0.348646	0.182717	0.03597	0.41471	0.0791455
rs957	rs957	1	957	A	C	250	0.286	0.331896	0.0383426	0.952901	0.183771	0.0900811	0.0262262	0.0198693
rs958	rs958	1	958	A	C	250	0.152	0.0756383	0.0591861	-0.156918	0.26247	0.75587	0.759384	0.905711
rs959	rs959	1	959	A	C	250	0.114	0.107517	0.085391	-0.290281	0.376139	0.712921	0.635994	0.833371
rs960	rs960	1	960	A	C	250	0.318	0.173265	0.0366506	0.146166	0.166705	0.365442	0.72035	0.627738
rs961	rs961	1	961	A	C	250	0.308	0.176509	0.0360898	0.166134	0.160764	0.352823	0.678619	0.592577
rs962	rs962	1	962	A	C	250	0.288	0.33922	0.0376194	-0.682535	0.175296	0.0803009	0.103061	0.0559655
rs963	rs963	1	963	A	C	250	0.332	-0.0708681	0.036458	0.0278928	0.181401	0.710523	0.947784	0.93147
rs964	rs964	1	964	A	C	250	0.354	-0.0363664	0.036643	0.585582	0.169461	0.849326	0.154881	0.358507
rs965	rs965	1	965	A	C	250	0.104	0.642259	0.084188	-0.121038	0.373754	0.0268612	0.843058	0.0837467
rs966	rs966	1	966	A	C	250	0.206	0.000202732	0.0555151	-0.0576587	0.300742	0.999313	0.916265	0.994487
rs967	rs967	1	967	A	C	250	0.238	-0.19937	0.044989	0.254604	0.207642	0.347242	0.576342	0.550483
rs968	rs968	1	968	A	C	250	0.38	0.131797	0.0368386	-0.407024	0.19368	0.492286	0.355036	0.511719
rs969	rs969	1	969	A	C	250	0.148	-0.0724034	0.0646928	-0.898889	0.285662	0.775902	0.0926035	0.231083
rs970	rs970	1	970	A	C	250	0.31	0.384417	0.038972	-0.688539	0.164924	0.0515023	0.0899887	0.0357782
rs971	rs971	1	971	A	C	250	0.278	0.0148403	0.03894	-0.0170264	0.194428	0.940052	0.969198	0.996364
rs972	rs972	1	972	A	C	250	0.314	-0.178214	0.0405697	-0.289508	0.211044	0.376268	0.528568	0.554584
rs973	rs973	1	973	A	C	250	0.3	-0.0371858	0.0376237	-0.182472	0.169259	0.847969	0.657384	0.891541
rs974	rs974	1	974	A	C	250	0.354	-0.0764419	0.0361674	0.539495	0.159936	0.68772	0.177334	0.37181
rs975	rs975	1	975	A	C	250	0.22	0.0427439	0.0433632	-0.361194	0.214879	0.837366	0.435868	0.72032
rs976	rs976	1	976	A	C	250	0.174	0.0726761	0.0591419	0.0406874	0.275255	0.765059	0.938184	0.952962
rs977	rs977	1	977	A	C	250	0.18	-0.318586	0.0599982	0.361556	0.251177	0.193381	0.470654	0.342146
rs978	rs978	1	978	A	C	250	0.294	-0.184053	0.0379536	-0.419583	0.178447	0.344788	0.320583	0.377086
rs979	rs979	1	979	A	C	250	0.192	-0.169021	0.0541217	-0.0374496	0.281982	0.467513	0.943777	0.766738
rs980	rs980	1	980	A	C	250	0.182	0.236685	0.0576695	0.642333	0.276931	0.324332	0.222237	0.289866
rs981	rs981	1	981	A	C	250	0.326	0.121447	0.0406077	0.224821	0.183206	0.546724	0.599409	0.728365
rs982	rs982	1	982	A	C	250	0.266	0.413311	0.0451883	0.0796131	0.209194	0.051859	0.861815	0.149111
rs983	rs983	1	983	A	C	250	0.374	-0.00702361	0.0343025	0.385021	0.164254	0.969749	0.342109	0.63667
rs984	rs984	1	984	A	C	250	0.384	0.0504108	0.0357847	0.0544246	0.161311	0.789865	0.892211	0.954799
rs985	rs985	1	985	A	C	250	0.34	-0.206823	0.034557	0.00266063	0.15024	0.26589	0.994523	0.538507
rs986	rs986	1	986	A	C	250	0.232	-0.0462521	0.0477272	0.486877	0.218224	0.832331	0.2973	0.567658
rs987	rs987	1	987	A	C	250	0.384	0.0706075	0.0373378	0.299161	0.17447	0.714808	0.473857	0.719616
rs988	rs988	1	988	A	C	250	0.156	-0.450844	0.0591244	-0.238019	0.268906	0.063719	0.646236	0.155431
rs989	rs989	1	989	A	C	250	0.13	0.273685	0.0786904	-0.545573	0.354025	0.329243	0.359179	0.407228
rs990	rs990	1	990	A	C	250	0.28	0.363935	0.0424805	-0.153702	0.194222	0.0774381	0.727268	0.19973
rs991	rs991	1	991	A	C	250	0.154	0.00570633	0.0706054	0.37688	0.316571	0.982867	0.502963	0.799037
rs992	rs992	1	992	A	C	250	0.216	0.196238	0.0450657	-0.265396	0.189714	0.355279	0.542313	0.54682
rs993	rs993	1	993	A	C	250	0.242	-0.335249	0.0452607	0.354537	0.230685	0.115066	0.460416	0.218317
rs994	rs994	1	994	A	C	250	0.348	0.0206152	0.0400607	-0.614462	0.174212	0.917965	0.140976	0.337956
rs995	rs995	1	995	A	C	250	0.3	0.0552823	0.0432122	-0.528292	0.212636	0.790286	0.251936	0.497255
rs996	rs996	1	996	A	C	250	0.146	0.249299	0.0685183	-0.150981	0.310554	0.340897	0.786447	0.617796
rs997	rs997	1	997	A	C	250	0.43	0.080661	0.0284772	-0.330359	0.122718	0.63266	0.345657	0.575855
rs998	rs998	1	998	A	C	250	0.196	0.0826224	0.0532789	0.00357116	0.272521	0.720382	0.994542	0.937894
rs999	rs999	1	999	A	C	250	0.34	-0.358011	0.0387602	0.4063	0.176665	0.0689944	0.333715	0.119457
rs1000	rs1000	1	1000	A	C	250	0.13	-0.205539	0.0718523	-0.317119	0.369314	0.443209	0.601793	0.644695
