SNPID	rsID	CHR	POS	Allele1	Allele2	AF	Beta_Marginal	Var_Beta_Marginal	Beta_Interaction_1	Var_Beta_Interaction_1_1	P_Value_Marginal	P_Value_Interaction	P_Value_Joint
SNP1	rs1		1	A	C	0.366	-0.163631	0.0361341	0.0884386	0.177135	0.389344	0.833566	0.675318
SNP2	rs2		2	A	C	0.4	0.108896	0.0308642	0.182689	0.135988	0.535359	0.620314	0.729922
SNP3	rs3		3	A	C	0.372	-0.319095	0.0347185	-0.164599	0.161752	0.0867977	0.682347	0.212218
SNP4	rs4		4	A	C	0.352	-0.0865535	0.032305	0.474092	0.149797	0.630119	0.220602	0.420557
SNP10	rs10		10	A	C	0.404	-0.0169926	0.0330517	0.0787034	0.158528	0.925532	0.843303	0.976379
SNP13	rs13		13	A	C	0.31	-0.124184	0.0382056	-0.39385	0.170245	0.525209	0.33981	0.518197
SNP20	rs20		20	A	C	0.402	0.0961519	0.0385046	0.631134	0.169202	0.62413	0.124949	0.273314
SNP23	rs23		23	A	C	0.418	-0.397585	0.0346939	0.206569	0.165178	0.032799	0.611268	0.0900593
SNP25	rs25		25	A	C	0.304	0.159034	0.0392225	0.075812	0.186151	0.421968	0.860519	0.713301
SNP27	rs27		27	A	C	0.306	-0.0317853	0.0383503	-0.357848	0.178245	0.871063	0.396663	0.689091
SNP31	rs31		31	A	C	0.324	0.109086	0.0433652	-0.0561396	0.208461	0.600389	0.90214	0.865226
SNP37	rs37		37	A	C	0.338	0.049972	0.0379187	-0.209125	0.176697	0.797468	0.618838	0.854977
SNP38	rs38		38	A	C	0.41	0.12581	0.033889	0.267864	0.153639	0.494341	0.494366	0.626857
SNP41	rs41		41	A	C	0.334	-0.0860179	0.0328022	-0.154069	0.1443	0.634831	0.685047	0.822808
SNP43	rs43		43	A	C	0.414	0.221286	0.0337604	-0.114342	0.152406	0.228456	0.769605	0.463886
SNP44	rs44		44	A	C	0.33	0.15674	0.0409651	0.0946352	0.204441	0.438686	0.834214	0.724871
SNP51	rs51		51	A	C	0.368	0.160221	0.0334939	-0.46305	0.153878	0.381323	0.237831	0.339623
SNP52	rs52		52	A	C	0.344	-0.126619	0.0339306	0.23611	0.154734	0.491837	0.548349	0.65942
SNP55	rs55		55	A	C	0.3	0.225238	0.0383506	0.398196	0.15945	0.25008	0.318664	0.313913
SNP57	rs57		57	A	C	0.33	-0.0624768	0.0398943	-0.399664	0.16766	0.754435	0.32903	0.591391
SNP61	rs61		61	A	C	0.354	0.0252265	0.0347075	0.197088	0.154839	0.892289	0.616467	0.874066
SNP63	rs63		63	A	C	0.39	0.051455	0.0327258	0.192309	0.158407	0.776078	0.628965	0.854546
SNP65	rs65		65	A	C	0.388	-0.185497	0.0356913	-0.369201	0.15666	0.326161	0.35093	0.399682
SNP67	rs67		67	A	C	0.38	0.0314611	0.0374285	-0.111151	0.165546	0.870818	0.784713	0.950719
SNP70	rs70		70	A	C	0.338	-0.184785	0.0400691	-0.278943	0.172955	0.35594	0.502391	0.521511
SNP71	rs71		71	A	C	0.32	-0.0532831	0.0380734	0.236828	0.164957	0.784797	0.559822	0.812783
SNP72	rs72		72	A	C	0.314	0.00210168	0.0377986	-0.524569	0.166707	0.991375	0.198872	0.438069
SNP77	rs77		77	A	C	0.406	-0.0412613	0.0333829	0.00621934	0.153162	0.821334	0.987321	0.9747
SNP81	rs81		81	A	C	0.364	0.0258886	0.0378706	0.68097	0.174402	0.894168	0.10297	0.262288
SNP87	rs87		87	A	C	0.33	-0.150938	0.03466	0.392709	0.157516	0.417512	0.322428	0.44123
SNP89	rs89		89	A	C	0.304	-0.270506	0.0381534	0.722856	0.173805	0.166091	0.0829383	0.085254
SNP91	rs91		91	A	C	0.402	-0.109816	0.0329814	-0.433703	0.168499	0.545385	0.290713	0.476645
SNP92	rs92		92	A	C	0.31	0.437056	0.0395925	-0.0911623	0.204119	0.0280564	0.84009	0.0878034
SNP97	rs97		97	A	C	0.328	0.0626191	0.0398626	0.292476	0.176403	0.753799	0.4862	0.747033
SNP98	rs98		98	A	C	0.326	0.098203	0.0349777	0.341546	0.153104	0.599524	0.382727	0.595223
SNP101	rs101		101	A	C	0.396	-0.00532816	0.0333808	-0.418959	0.149563	0.976735	0.278664	0.555869
SNP102	rs102		102	A	C	0.38	0.0898783	0.0319697	-0.15199	0.163362	0.615194	0.706884	0.821154
SNP110	rs110		110	A	C	0.402	0.148319	0.0355043	0.688477	0.175826	0.431195	0.10061	0.190572
SNP111	rs111		111	A	C	0.384	0.28869	0.0347359	0.051688	0.180585	0.12139	0.90319	0.29908
SNP116	rs116		116	A	C	0.392	0.0586468	0.0346437	-0.630092	0.15255	0.752694	0.106693	0.259005
SNP120	rs120		120	A	C	0.33	0.124439	0.0329106	-0.132035	0.152612	0.49275	0.735375	0.746489
SNP121	rs121		121	A	C	0.346	-0.112048	0.0361959	-0.673294	0.1671	0.5559	0.0995404	0.216563
SNP125	rs125		125	A	C	0.374	-0.0583981	0.0382788	0.0541111	0.167172	0.765335	0.894712	0.948092
SNP127	rs127		127	A	C	0.398	0.199096	0.037375	-0.0528993	0.180631	0.303082	0.900946	0.583892
SNP128	rs128		128	A	C	0.378	-0.309401	0.0389051	-0.411371	0.194555	0.116736	0.351008	0.189154
SNP130	rs130		130	A	C	0.352	-0.311927	0.0376475	0.197686	0.177145	0.107917	0.638576	0.245973
SNP134	rs134		134	A	C	0.366	-0.30651	0.0389903	-0.293371	0.193811	0.120598	0.505162	0.240075
SNP136	rs136		136	A	C	0.33	-0.00344955	0.0413309	0.350169	0.172269	0.986462	0.398852	0.700447
SNP141	rs141		141	A	C	0.302	-0.163808	0.0379632	0.853063	0.174676	0.400502	0.0412409	0.0874705
SNP143	rs143		143	A	C	0.376	0.155323	0.0386943	0.799904	0.18032	0.429755	0.0596031	0.12419
SNP145	rs145		145	A	C	0.412	0.109751	0.0347136	0.476638	0.176184	0.555821	0.256147	0.441213
SNP147	rs147		147	A	C	0.328	-0.0858888	0.035179	-0.599074	0.155981	0.647006	0.129303	0.284997
SNP149	rs149		149	A	C	0.384	0.093487	0.0332924	0.165723	0.14786	0.608396	0.666483	0.799211
SNP153	rs153		153	A	C	0.396	-0.346577	0.0345614	0.353366	0.156346	0.062287	0.371493	0.118004
SNP155	rs155		155	A	C	0.384	-0.0430813	0.0413831	-0.33002	0.180722	0.832281	0.437566	0.723429
SNP163	rs163		163	A	C	0.322	-0.100095	0.0392818	-0.164686	0.176834	0.613538	0.695333	0.815288
SNP165	rs165		165	A	C	0.386	0.103493	0.0343366	-0.190822	0.160491	0.576496	0.633843	0.763831
SNP166	rs166		166	A	C	0.346	-0.0046943	0.037693	-0.280539	0.171039	0.98071	0.497559	0.794246
SNP168	rs168		168	A	C	0.402	0.124736	0.0358248	-0.168421	0.161365	0.50988	0.675021	0.737088
SNP169	rs169		169	A	C	0.32	0.142298	0.0410021	-0.526844	0.191778	0.482216	0.228957	0.378861
SNP170	rs170		170	A	C	0.32	-0.111501	0.0363123	0.10827	0.161786	0.55846	0.787794	0.812681
SNP175	rs175		175	A	C	0.376	-0.0543816	0.0338545	0.509188	0.153315	0.767567	0.193455	0.410971
SNP179	rs179		179	A	C	0.378	-0.0184503	0.0375006	-0.00443206	0.180549	0.924096	0.991678	0.995417
SNP186	rs186		186	A	C	0.356	0.080322	0.0330809	0.309095	0.155383	0.658766	0.432962	0.667013
SNP189	rs189		189	A	C	0.338	-0.211032	0.0397221	0.612085	0.187186	0.28967	0.157146	0.20986
SNP190	rs190		190	A	C	0.35	-0.0116776	0.0351288	1.03636	0.175987	0.95032	0.0134955	0.0471971
SNP196	rs196		196	A	C	0.306	-0.10351	0.0404116	0.0132975	0.201002	0.606617	0.976338	0.87546
SNP201	rs201		201	A	C	0.316	-0.127668	0.0383988	-0.530499	0.166655	0.514717	0.193774	0.347643
SNP203	rs203		203	A	C	0.42	0.126434	0.0351185	0.216136	0.154814	0.499882	0.582789	0.684911
SNP205	rs205		205	A	C	0.37	-0.197654	0.0357603	-0.529633	0.152077	0.295925	0.174421	0.230271
SNP207	rs207		207	A	C	0.394	-0.0304061	0.0335349	0.0279841	0.16642	0.868125	0.94531	0.983992
SNP208	rs208		208	A	C	0.414	-0.224879	0.03339	-0.738837	0.169708	0.218446	0.0728959	0.0938964
SNP211	rs211		211	A	C	0.334	-0.0608334	0.0358131	-0.0748499	0.165156	0.747865	0.853872	0.933674
SNP213	rs213		213	A	C	0.388	0.272479	0.0363368	0.14911	0.153368	0.152885	0.703389	0.334841
SNP220	rs220		220	A	C	0.354	-0.0838611	0.0364369	-0.811987	0.168776	0.660423	0.0480997	0.128766
SNP222	rs222		222	A	C	0.346	0.398048	0.0372039	-0.122362	0.167807	0.0390485	0.765166	0.113723
SNP228	rs228		228	A	C	0.394	-0.184902	0.0321135	0.231949	0.15433	0.302163	0.554904	0.493312
SNP234	rs234		234	A	C	0.368	0.0880206	0.0346151	-0.331605	0.164383	0.636143	0.413423	0.639941
SNP236	rs236		236	A	C	0.342	-0.0558095	0.0379555	0.286039	0.164951	0.774522	0.481256	0.748983
SNP239	rs239		239	A	C	0.378	-0.0836926	0.0336701	0.323565	0.154036	0.648315	0.409698	0.641559
SNP243	rs243		243	A	C	0.374	0.0245911	0.0343031	0.390588	0.163562	0.894373	0.334155	0.621774
SNP244	rs244		244	A	C	0.368	-0.0373995	0.0355229	-0.494874	0.156726	0.842707	0.211285	0.448886
SNP245	rs245		245	A	C	0.334	0.00180219	0.0353786	0.119919	0.151684	0.992355	0.758155	0.95366
SNP247	rs247		247	A	C	0.336	0.227684	0.0366963	-0.192495	0.18062	0.234613	0.650595	0.445342
SNP249	rs249		249	A	C	0.37	-0.280845	0.0360426	-0.347734	0.148518	0.139058	0.36689	0.222849
SNP250	rs250		250	A	C	0.42	0.301654	0.0320396	-0.213866	0.162045	0.0919392	0.595224	0.20989
SNP254	rs254		254	A	C	0.336	-0.137231	0.0367809	0.261259	0.168424	0.474267	0.524383	0.632143
SNP256	rs256		256	A	C	0.332	0.318284	0.037303	-0.00751329	0.167842	0.0993637	0.985368	0.257166
SNP257	rs257		257	A	C	0.322	0.0617279	0.0372761	-0.490382	0.171683	0.749183	0.236608	0.47168
SNP263	rs263		263	A	C	0.378	0.0947734	0.0367402	0.412023	0.163855	0.620994	0.30874	0.527152
SNP265	rs265		265	A	C	0.43	0.386335	0.0335522	-0.249789	0.167033	0.0349334	0.541079	0.0897268
SNP266	rs266		266	A	C	0.342	-0.0631957	0.0373576	0.307095	0.168204	0.743696	0.453989	0.716205
SNP269	rs269		269	A	C	0.31	-0.00494705	0.0354316	-0.100453	0.152329	0.979033	0.796888	0.967087
SNP271	rs271		271	A	C	0.372	-0.138588	0.0357777	-0.286675	0.167881	0.463749	0.484138	0.598589
SNP277	rs277		277	A	C	0.336	0.00843903	0.0369503	0.191043	0.165374	0.964983	0.638509	0.894659
SNP280	rs280		280	A	C	0.328	0.141536	0.0369176	0.308507	0.174382	0.461347	0.460042	0.580301
SNP284	rs284		284	A	C	0.316	-0.0292033	0.0374142	0.00894202	0.176143	0.879993	0.983002	0.988443
SNP286	rs286		286	A	C	0.32	0.45015	0.0372975	0.251125	0.18127	0.0197603	0.555305	0.0555528
SNP287	rs287		287	A	C	0.382	-0.240297	0.0319806	0.345895	0.141267	0.179042	0.357422	0.265472
SNP288	rs288		288	A	C	0.306	0.317679	0.0404428	-0.117487	0.170269	0.114181	0.775858	0.275761
SNP290	rs290		290	A	C	0.37	0.220697	0.0443051	0.323441	0.19692	0.294406	0.466082	0.442504
SNP291	rs291		291	A	C	0.306	0.141236	0.040994	-0.0486	0.241271	0.485448	0.921184	0.780208
SNP300	rs300		300	A	C	0.324	0.35736	0.0364868	-0.194135	0.178027	0.0613666	0.645438	0.156315
SNP305	rs305		305	A	C	0.314	-0.00693782	0.0378356	0.0495141	0.169425	0.971547	0.904251	0.99216
SNP306	rs306		306	A	C	0.312	0.194017	0.0426917	0.247344	0.210143	0.347727	0.589497	0.556308
SNP313	rs313		313	A	C	0.38	-0.00208905	0.0365456	0.832934	0.171266	0.991281	0.0441483	0.131928
SNP323	rs323		323	A	C	0.304	-0.0428232	0.0446079	0.759414	0.202014	0.839326	0.091102	0.235051
SNP326	rs326		326	A	C	0.362	-0.105448	0.0354328	0.577606	0.184908	0.575349	0.179194	0.346783
SNP331	rs331		331	A	C	0.366	-0.0283116	0.034024	0.045816	0.154948	0.878014	0.907342	0.981618
SNP332	rs332		332	A	C	0.33	-0.0260266	0.0366088	-0.812208	0.171491	0.8918	0.0498428	0.144768
SNP336	rs336		336	A	C	0.404	0.0503767	0.0373436	-0.17454	0.170092	0.794333	0.672144	0.883794
SNP337	rs337		337	A	C	0.392	0.17293	0.0385056	0.165749	0.199311	0.378171	0.710438	0.633029
SNP339	rs339		339	A	C	0.314	0.010888	0.0360304	0.279374	0.18537	0.954258	0.516414	0.808828
SNP345	rs345		345	A	C	0.332	-0.320587	0.0360356	0.634823	0.153569	0.0912565	0.105244	0.0646903
SNP347	rs347		347	A	C	0.32	0.0817842	0.0353305	0.529053	0.154063	0.663486	0.177698	0.366761
SNP349	rs349		349	A	C	0.338	0.19904	0.0410251	-0.359695	0.211959	0.325762	0.434636	0.454736
SNP350	rs350		350	A	C	0.342	-0.0586069	0.0434016	-0.76418	0.182977	0.778467	0.0740222	0.19489
SNP353	rs353		353	A	C	0.3	-0.083787	0.0415951	-0.160381	0.180859	0.681202	0.706082	0.855988
SNP357	rs357		357	A	C	0.304	-0.060283	0.0399918	-0.19816	0.200293	0.763074	0.657928	0.866356
SNP358	rs358		358	A	C	0.384	-0.234199	0.0344785	0.116535	0.184643	0.207209	0.786236	0.435097
SNP359	rs359		359	A	C	0.312	0.0850396	0.0350726	0.0586543	0.176915	0.649768	0.889095	0.893312
SNP360	rs360		360	A	C	0.434	0.08202	0.0326451	0.225887	0.147415	0.649863	0.556312	0.758736
SNP363	rs363		363	A	C	0.328	-0.195408	0.0336824	-0.131402	0.150754	0.286997	0.735039	0.535746
SNP375	rs375		375	A	C	0.35	0.24065	0.0353345	0.0990168	0.153484	0.200465	0.800468	0.426804
SNP376	rs376		376	A	C	0.442	0.170113	0.0337011	-0.0538841	0.150665	0.354108	0.889592	0.644696
SNP381	rs381		381	A	C	0.356	-0.119582	0.0369367	0.243889	0.17194	0.533803	0.556419	0.693125
SNP386	rs386		386	A	C	0.404	-0.0368301	0.0349365	0.155116	0.145818	0.843793	0.684588	0.903105
SNP387	rs387		387	A	C	0.3	-0.095809	0.0402127	0.00122352	0.172016	0.632809	0.997646	0.892134
SNP395	rs395		395	A	C	0.414	-0.00645274	0.037606	0.561118	0.174475	0.973455	0.179161	0.405417
SNP398	rs398		398	A	C	0.316	0.184985	0.0397712	0.838172	0.18697	0.353623	0.0525725	0.0993671
SNP399	rs399		399	A	C	0.3	0.163561	0.0418018	-0.706285	0.198492	0.423719	0.112901	0.206685
SNP400	rs400		400	A	C	0.32	-0.165793	0.0431284	-0.868948	0.19421	0.424677	0.048635	0.104077
SNP403	rs403		403	A	C	0.41	0.112243	0.0305361	0.0125193	0.141378	0.520666	0.973439	0.813149
SNP405	rs405		405	A	C	0.402	-0.173371	0.0342197	0.188065	0.172094	0.34865	0.650304	0.581618
SNP407	rs407		407	A	C	0.322	-0.0213406	0.035736	-0.164419	0.172496	0.910118	0.692193	0.918758
SNP410	rs410		410	A	C	0.38	-0.252046	0.0358443	-0.043315	0.15652	0.183097	0.912818	0.409776
SNP414	rs414		414	A	C	0.368	-0.267159	0.036419	-0.239217	0.175379	0.161534	0.567851	0.318846
SNP420	rs420		420	A	C	0.306	0.140818	0.0379494	0.175233	0.178825	0.469764	0.678594	0.706719
SNP423	rs423		423	A	C	0.308	0.183104	0.0397021	0.347809	0.178232	0.358123	0.410025	0.46692
SNP428	rs428		428	A	C	0.32	-0.126474	0.035148	0.887842	0.159478	0.499927	0.0262	0.0672774
SNP431	rs431		431	A	C	0.358	0.156446	0.0339871	0.0441055	0.154827	0.396099	0.910751	0.693259
SNP433	rs433		433	A	C	0.31	0.142894	0.0380473	-0.48812	0.180026	0.463817	0.249968	0.394524
SNP436	rs436		436	A	C	0.334	-0.189045	0.0365184	0.432854	0.179151	0.322537	0.306468	0.363406
SNP441	rs441		441	A	C	0.304	-0.0124744	0.0412182	0.084572	0.210366	0.951006	0.853707	0.98129
SNP449	rs449		449	A	C	0.372	-0.0699608	0.0401237	0.318045	0.198119	0.726891	0.474894	0.728859
SNP451	rs451		451	A	C	0.322	0.0939479	0.035151	0.33974	0.171689	0.616306	0.412258	0.630219
SNP453	rs453		453	A	C	0.38	-0.0951976	0.0305503	-0.555107	0.129982	0.585994	0.123633	0.263511
SNP455	rs455		455	A	C	0.318	0.149931	0.0359601	-0.531689	0.156113	0.429151	0.178408	0.295828
SNP460	rs460		460	A	C	0.376	0.226622	0.038873	0.376625	0.180692	0.250383	0.375611	0.348858
SNP462	rs462		462	A	C	0.346	0.345175	0.0348263	0.23964	0.156259	0.0643661	0.544362	0.150419
SNP463	rs463		463	A	C	0.322	-0.211779	0.0393233	0.411501	0.1887	0.285534	0.343489	0.360969
SNP465	rs465		465	A	C	0.356	0.226172	0.0327146	0.534969	0.150918	0.211133	0.168489	0.177287
SNP467	rs467		467	A	C	0.31	-0.206103	0.0438877	0.61732	0.200376	0.325207	0.167872	0.238147
SNP468	rs468		468	A	C	0.32	0.0946318	0.0358536	-0.114231	0.162706	0.617237	0.777029	0.847907
SNP469	rs469		469	A	C	0.354	0.277491	0.0367742	0.568163	0.170951	0.147888	0.169392	0.136544
SNP470	rs470		470	A	C	0.34	0.228624	0.0370168	0.0371566	0.161413	0.23472	0.926313	0.491501
SNP473	rs473		473	A	C	0.388	-0.13219	0.0328914	-0.625157	0.145299	0.466073	0.100994	0.199783
SNP482	rs482		482	A	C	0.348	-0.244106	0.0396027	-0.605774	0.174308	0.21996	0.146794	0.164484
SNP483	rs483		483	A	C	0.398	0.280596	0.034942	0.375024	0.168082	0.133331	0.360328	0.213309
SNP487	rs487		487	A	C	0.312	0.58839	0.0403701	0.149894	0.19064	0.00340675	0.73137	0.0129483
SNP489	rs489		489	A	C	0.352	-0.239541	0.0383674	-0.14539	0.168876	0.22136	0.723493	0.444701
SNP496	rs496		496	A	C	0.3	-0.0410468	0.0390493	0.367883	0.187824	0.83545	0.395961	0.682596
SNP498	rs498		498	A	C	0.34	0.102995	0.033161	-0.125971	0.15048	0.571671	0.745381	0.80842
SNP499	rs499		499	A	C	0.324	0.179838	0.0341612	-0.182035	0.14901	0.330552	0.637233	0.557353
SNP500	rs500		500	A	C	0.312	0.107073	0.0373716	-0.394363	0.178016	0.579666	0.349949	0.554211
SNP506	rs506		506	A	C	0.332	0.124892	0.0357589	-0.528729	0.16832	0.508961	0.197489	0.350455
SNP508	rs508		508	A	C	0.364	-0.248947	0.0348177	0.0176031	0.174485	0.182153	0.966386	0.410297
SNP510	rs510		510	A	C	0.372	-0.029423	0.0348447	0.552412	0.208728	0.874754	0.226613	0.475485
SNP516	rs516		516	A	C	0.354	-0.0612352	0.0362117	-0.620624	0.15982	0.747609	0.120559	0.284564
SNP517	rs517		517	A	C	0.344	0.18497	0.0356189	0.689129	0.159835	0.327048	0.0847598	0.140034
SNP523	rs523		523	A	C	0.376	-0.132674	0.0351477	-0.607831	0.151545	0.479143	0.118431	0.230068
SNP524	rs524		524	A	C	0.38	0.371626	0.0366667	-0.241304	0.16124	0.0522886	0.547883	0.126968
SNP525	rs525		525	A	C	0.302	0.105913	0.0396731	0.154963	0.191378	0.594905	0.723168	0.81537
SNP527	rs527		527	A	C	0.408	0.171053	0.0375303	0.382717	0.176451	0.377259	0.362242	0.447151
SNP530	rs530		530	A	C	0.344	0.0653556	0.0405689	-0.549262	0.191958	0.745575	0.209969	0.432375
SNP546	rs546		546	A	C	0.31	0.183673	0.0379746	0.369895	0.17465	0.345916	0.376101	0.433487
SNP548	rs548		548	A	C	0.378	0.0238698	0.0343957	0.167661	0.168885	0.897591	0.68329	0.912556
SNP554	rs554		554	A	C	0.386	0.158085	0.0357144	-0.172781	0.170059	0.402871	0.675229	0.645556
SNP556	rs556		556	A	C	0.37	0.246773	0.0337065	-0.400388	0.151645	0.178907	0.303867	0.238852
SNP559	rs559		559	A	C	0.338	0.239834	0.0356558	0.259292	0.171063	0.204041	0.530712	0.366734
SNP562	rs562		562	A	C	0.33	-0.133145	0.0370041	-0.798236	0.192838	0.488845	0.0691015	0.150823
SNP564	rs564		564	A	C	0.354	0.00622246	0.0365258	-0.0866868	0.165075	0.974027	0.831047	0.976978
SNP566	rs566		566	A	C	0.402	-0.0522336	0.0328995	0.438404	0.144145	0.773366	0.248208	0.492556
SNP567	rs567		567	A	C	0.338	0.0208874	0.0342696	0.24227	0.151819	0.910164	0.534087	0.819001
SNP572	rs572		572	A	C	0.38	0.153169	0.0349331	0.408717	0.165538	0.412499	0.315111	0.431555
SNP577	rs577		577	A	C	0.34	-0.0434643	0.0415008	0.640206	0.183137	0.831049	0.134654	0.319255
SNP581	rs581		581	A	C	0.304	-0.313148	0.0362517	-0.273677	0.158329	0.100033	0.491583	0.204122
SNP582	rs582		582	A	C	0.366	0.0770794	0.0400798	-0.0672456	0.195778	0.700228	0.879204	0.9179
SNP583	rs583		583	A	C	0.322	-0.155683	0.0418624	-0.0481231	0.189691	0.446716	0.912019	0.744093
SNP585	rs585		585	A	C	0.406	0.331706	0.0327854	0.312419	0.154029	0.0669589	0.426008	0.136032
SNP591	rs591		591	A	C	0.364	-0.00462454	0.0336404	-0.160429	0.162233	0.979884	0.690407	0.923448
SNP594	rs594		594	A	C	0.358	-0.20823	0.0334459	-0.346442	0.148481	0.25487	0.368615	0.34911
SNP596	rs596		596	A	C	0.382	0.130077	0.0344683	-0.007797	0.154684	0.483533	0.984183	0.782205
SNP598	rs598		598	A	C	0.3	0.292425	0.0386651	0.238886	0.189152	0.136976	0.58282	0.284605
SNP599	rs599		599	A	C	0.438	-0.120488	0.0332542	0.18278	0.156433	0.50879	0.643989	0.722484
SNP600	rs600		600	A	C	0.358	-0.0926921	0.0352973	0.191349	0.159284	0.621752	0.63162	0.789274
SNP602	rs602		602	A	C	0.38	-0.127716	0.0352628	0.319498	0.156141	0.496428	0.41877	0.572259
SNP603	rs603		603	A	C	0.312	0.256644	0.0370889	-0.233067	0.175106	0.182653	0.57755	0.352375
SNP607	rs607		607	A	C	0.356	0.211318	0.0415783	0.750977	0.188683	0.300042	0.0838339	0.131141
SNP615	rs615		615	A	C	0.342	-0.136855	0.0359241	-0.079867	0.158459	0.470264	0.840983	0.755176
SNP617	rs617		617	A	C	0.302	-0.336772	0.0367388	0.267055	0.17641	0.0789165	0.524889	0.174527
SNP625	rs625		625	A	C	0.36	-0.0359683	0.0398712	-1.18778	0.175976	0.857049	0.00463367	0.0178671
SNP626	rs626		626	A	C	0.32	0.224476	0.0433349	0.151216	0.187533	0.280887	0.726948	0.526048
SNP629	rs629		629	A	C	0.338	-0.115241	0.0365017	-0.495202	0.159997	0.546385	0.21571	0.387415
SNP630	rs630		630	A	C	0.368	-0.0152708	0.039148	-1.27635	0.207396	0.93848	0.00506827	0.0196351
SNP636	rs636		636	A	C	0.356	0.110354	0.0371951	0.281674	0.173403	0.567189	0.498772	0.675381
SNP643	rs643		643	A	C	0.34	-0.0717225	0.0341538	0.263716	0.175674	0.697947	0.529223	0.760903
SNP644	rs644		644	A	C	0.352	-0.0580391	0.0340086	0.463559	0.158759	0.752973	0.24466	0.483697
SNP648	rs648		648	A	C	0.436	-0.128003	0.0341463	0.593977	0.153027	0.488496	0.128915	0.248408
SNP653	rs653		653	A	C	0.378	0.0168567	0.0377749	0.156483	0.172122	0.930886	0.70604	0.927842
SNP655	rs655		655	A	C	0.306	0.220553	0.0400896	1.10325	0.192619	0.270666	0.0119449	0.0231398
SNP657	rs657		657	A	C	0.35	0.015508	0.0329269	-0.231042	0.147782	0.931893	0.547835	0.831722
SNP659	rs659		659	A	C	0.41	-0.0588646	0.0312012	-0.111749	0.140383	0.738946	0.765509	0.904833
SNP661	rs661		661	A	C	0.358	-0.249974	0.041187	-0.447985	0.204838	0.218051	0.32226	0.286948
SNP662	rs662		662	A	C	0.36	-0.0394456	0.0355991	0.0931827	0.152193	0.834398	0.811217	0.950868
SNP670	rs670		670	A	C	0.324	-0.108081	0.0392772	0.911751	0.179583	0.58551	0.0314357	0.0851612
SNP672	rs672		672	A	C	0.306	-0.18671	0.0384789	-0.407906	0.179321	0.341186	0.335416	0.399747
SNP683	rs683		683	A	C	0.414	-0.24056	0.0387539	0.0755739	0.174117	0.221713	0.856278	0.466254
SNP684	rs684		684	A	C	0.358	-0.0830314	0.0371465	-0.416729	0.1915	0.666608	0.34095	0.579131
SNP689	rs689		689	A	C	0.392	0.0618629	0.0359283	0.0605174	0.161205	0.744143	0.880191	0.937425
SNP691	rs691		691	A	C	0.414	0.0204558	0.0340129	-0.397536	0.163251	0.911683	0.325168	0.61252
SNP694	rs694		694	A	C	0.352	0.199872	0.0355439	0.506129	0.168601	0.289075	0.217716	0.266696
SNP696	rs696		696	A	C	0.374	-0.0860203	0.0324739	0.193697	0.16963	0.633115	0.638143	0.7989
SNP697	rs697		697	A	C	0.334	-0.0632419	0.0346327	-0.0375294	0.168983	0.733985	0.927258	0.939968
SNP698	rs698		698	A	C	0.354	0.104932	0.0339818	0.217555	0.168362	0.569202	0.595966	0.738916
SNP702	rs702		702	A	C	0.302	0.398289	0.040549	0.437404	0.193233	0.0479381	0.319715	0.0861958
SNP709	rs709		709	A	C	0.356	0.199788	0.0377386	0.393927	0.199454	0.303746	0.377749	0.399379
SNP711	rs711		711	A	C	0.45	0.0350625	0.0310721	0.139077	0.149178	0.842333	0.718785	0.918868
SNP712	rs712		712	A	C	0.332	-0.0183383	0.0358182	1.4029	0.184867	0.922809	0.00110296	0.0048547
SNP713	rs713		713	A	C	0.372	0.269381	0.0389069	-0.603046	0.171346	0.172035	0.145158	0.136182
SNP721	rs721		721	A	C	0.416	-0.212515	0.031702	0.302355	0.139707	0.232648	0.418559	0.353639
SNP724	rs724		724	A	C	0.342	0.144794	0.0365738	0.124877	0.167611	0.448979	0.760349	0.716674
SNP731	rs731		731	A	C	0.39	-0.0486044	0.0358303	-0.279209	0.172902	0.797353	0.501919	0.772282
SNP736	rs736		736	A	C	0.362	0.166574	0.0373631	-0.337561	0.175556	0.388819	0.420447	0.498651
SNP739	rs739		739	A	C	0.316	-0.0574227	0.0400312	0.18889	0.196104	0.774111	0.66971	0.876204
SNP740	rs740		740	A	C	0.306	0.494917	0.0394893	-0.796184	0.182153	0.0127551	0.0621117	0.0078958
SNP744	rs744		744	A	C	0.4	-0.0946675	0.0332873	0.0506727	0.143713	0.603849	0.893666	0.866279
SNP745	rs745		745	A	C	0.326	0.320746	0.0382123	-0.84702	0.176757	0.100836	0.0439387	0.0341978
SNP750	rs750		750	A	C	0.342	0.0389707	0.0385485	-0.151911	0.169697	0.842663	0.712301	0.916042
SNP755	rs755		755	A	C	0.344	0.0270611	0.0389223	-0.0580392	0.167752	0.8909	0.887312	0.98074
SNP758	rs758		758	A	C	0.396	0.0595488	0.0350954	-0.608682	0.159359	0.750584	0.127318	0.297312
SNP759	rs759		759	A	C	0.3	-0.454099	0.0378666	0.0931929	0.169516	0.0196179	0.82093	0.0640299
SNP760	rs760		760	A	C	0.334	-0.135702	0.0373186	0.302146	0.164889	0.482391	0.456827	0.59241
SNP771	rs771		771	A	C	0.352	0.196036	0.0323979	-0.349682	0.169236	0.276099	0.395317	0.385059
SNP772	rs772		772	A	C	0.322	0.15475	0.0390262	-0.642609	0.180759	0.433425	0.130672	0.234789
SNP786	rs786		786	A	C	0.33	0.0650112	0.0364097	0.0120392	0.160629	0.733325	0.976036	0.943186
SNP788	rs788		788	A	C	0.34	0.109124	0.0414036	-0.357328	0.217289	0.591756	0.443341	0.645574
SNP789	rs789		789	A	C	0.376	-0.364338	0.0321382	-0.294309	0.170164	0.0421208	0.475561	0.0983046
SNP791	rs791		791	A	C	0.336	-0.079492	0.0402392	0.811314	0.176249	0.691901	0.0532945	0.142866
SNP794	rs794		794	A	C	0.326	0.113946	0.0364258	0.47761	0.165728	0.550489	0.240712	0.42045
SNP796	rs796		796	A	C	0.346	0.5275	0.0356343	-0.493881	0.151532	0.00519956	0.204537	0.00901212
SNP797	rs797		797	A	C	0.378	0.0521075	0.032915	-0.171261	0.163543	0.77395	0.671939	0.877291
SNP798	rs798		798	A	C	0.348	0.188551	0.0343928	-0.313868	0.15322	0.309295	0.422645	0.432438
SNP800	rs800		800	A	C	0.334	-0.122507	0.0355493	0.7208	0.170392	0.515854	0.0807793	0.176283
SNP801	rs801		801	A	C	0.308	0.153051	0.0365273	-0.00281307	0.181244	0.423242	0.994728	0.725663
SNP805	rs805		805	A	C	0.32	-0.116263	0.0331725	-0.287188	0.167154	0.523254	0.482406	0.637343
SNP813	rs813		813	A	C	0.334	0.244882	0.0379572	0.131149	0.19094	0.208779	0.764074	0.433885
SNP814	rs814		814	A	C	0.386	0.0397966	0.0324431	0.157998	0.143142	0.825135	0.676235	0.894397
SNP815	rs815		815	A	C	0.328	0.113889	0.0344508	0.530335	0.153549	0.539484	0.175927	0.33151
SNP816	rs816		816	A	C	0.418	-0.057687	0.0331217	0.520858	0.158392	0.751265	0.190623	0.403881
SNP818	rs818		818	A	C	0.408	0.305236	0.0326732	0.506888	0.14529	0.0912868	0.183576	0.0992628
SNP820	rs820		820	A	C	0.398	-0.0264491	0.0335768	-0.194456	0.157187	0.885231	0.623801	0.877483
SNP822	rs822		822	A	C	0.384	0.118743	0.0352637	-0.316618	0.167346	0.52717	0.438944	0.606869
SNP823	rs823		823	A	C	0.376	-0.0555656	0.0350348	0.384274	0.176642	0.766571	0.360553	0.629993
SNP825	rs825		825	A	C	0.358	0.265826	0.0351949	-0.199207	0.158489	0.156495	0.616803	0.323332
SNP828	rs828		828	A	C	0.392	0.320885	0.0362244	0.227555	0.16425	0.0918023	0.574471	0.206208
SNP831	rs831		831	A	C	0.364	-0.107312	0.0339717	-0.399119	0.155861	0.560415	0.312036	0.506357
SNP832	rs832		832	A	C	0.344	0.135043	0.0373198	0.46611	0.173323	0.484526	0.262887	0.418501
SNP835	rs835		835	A	C	0.31	0.241005	0.0396676	0.591416	0.179144	0.226254	0.162322	0.181163
SNP836	rs836		836	A	C	0.416	-0.152552	0.0387243	-0.030136	0.186431	0.43821	0.944357	0.738659
SNP837	rs837		837	A	C	0.386	-0.127273	0.0320574	-0.229878	0.143348	0.477182	0.543746	0.645992
SNP844	rs844		844	A	C	0.316	0.225875	0.0480598	-0.00242497	0.234116	0.302854	0.996001	0.588132
SNP845	rs845		845	A	C	0.342	-0.280755	0.0328963	0.902206	0.146253	0.121637	0.0183173	0.0186701
SNP846	rs846		846	A	C	0.358	-0.382115	0.0359972	-0.485978	0.157963	0.0440093	0.221423	0.0623081
SNP850	rs850		850	A	C	0.366	0.189855	0.0386078	0.0253071	0.168213	0.333924	0.950799	0.625807
SNP855	rs855		855	A	C	0.336	0.21474	0.0379324	-0.524803	0.181595	0.270213	0.218125	0.255084
SNP859	rs859		859	A	C	0.354	0.108259	0.0328264	0.114177	0.145484	0.550158	0.764678	0.799859
SNP864	rs864		864	A	C	0.332	0.122576	0.0340074	-0.504117	0.162772	0.506249	0.211477	0.36731
SNP866	rs866		866	A	C	0.356	-0.0951156	0.0363342	-0.427008	0.191169	0.617785	0.328756	0.548048
SNP874	rs874		874	A	C	0.384	-0.105882	0.0346264	0.244619	0.169844	0.56935	0.552806	0.713164
SNP881	rs881		881	A	C	0.322	-0.429333	0.0392032	0.53432	0.174665	0.0301306	0.201075	0.0420799
SNP885	rs885		885	A	C	0.392	0.273908	0.0354168	0.154584	0.182189	0.145542	0.717231	0.32473
SNP892	rs892		892	A	C	0.364	0.222286	0.0379106	0.826186	0.170044	0.253601	0.0451201	0.0700356
SNP896	rs896		896	A	C	0.344	0.140989	0.0357216	0.608934	0.164147	0.455688	0.132844	0.244703
SNP907	rs907		907	A	C	0.31	-0.257032	0.0392771	-0.332514	0.175466	0.194654	0.427308	0.314717
SNP908	rs908		908	A	C	0.376	0.248827	0.0367107	-0.597841	0.174329	0.194056	0.152183	0.154372
SNP911	rs911		911	A	C	0.306	0.174755	0.0406877	-0.308813	0.190708	0.386292	0.479475	0.53509
SNP917	rs917		917	A	C	0.404	0.331603	0.038646	-0.223697	0.168319	0.0916399	0.585584	0.207773
SNP918	rs918		918	A	C	0.356	-0.0128412	0.0347421	0.181226	0.195551	0.945075	0.681939	0.917274
SNP919	rs919		919	A	C	0.358	0.286396	0.0383412	0.626381	0.1833	0.143569	0.143456	0.117668
SNP921	rs921		921	A	C	0.35	-0.0563089	0.0343271	-0.109602	0.14595	0.76119	0.774196	0.916369
SNP922	rs922		922	A	C	0.344	-0.0665564	0.0345211	-0.394075	0.168625	0.72018	0.337226	0.591771
SNP924	rs924		924	A	C	0.394	-0.0704459	0.0327135	-0.298699	0.142481	0.696917	0.428754	0.67777
SNP928	rs928		928	A	C	0.388	0.0768707	0.0323987	-0.318091	0.159146	0.66933	0.425243	0.664259
SNP931	rs931		931	A	C	0.394	-0.105571	0.0343611	0.720732	0.16431	0.569	0.0753969	0.175013
SNP934	rs934		934	A	C	0.406	-0.252447	0.0325679	-1.12687	0.160249	0.161854	0.00487788	0.00715107
SNP935	rs935		935	A	C	0.408	0.164807	0.0376264	-0.2764	0.178135	0.39553	0.512544	0.562496
SNP936	rs936		936	A	C	0.344	-0.0938596	0.0362387	0.540321	0.156577	0.621976	0.172099	0.348599
SNP943	rs943		943	A	C	0.334	-0.251557	0.0353735	-0.221318	0.152162	0.181056	0.570466	0.348047
SNP944	rs944		944	A	C	0.32	-0.22347	0.0410997	-0.472095	0.182451	0.270332	0.269056	0.295731
SNP945	rs945		945	A	C	0.406	0.113276	0.0327843	0.440524	0.147066	0.531568	0.250673	0.425082
SNP947	rs947		947	A	C	0.382	-0.189504	0.0337053	-0.103747	0.155683	0.301974	0.792597	0.567056
SNP950	rs950		950	A	C	0.352	-0.0146217	0.03407	0.00117147	0.159568	0.936861	0.99766	0.996863
SNP956	rs956		956	A	C	0.408	-0.419693	0.0400458	-0.348646	0.182717	0.03597	0.41471	0.0795084
SNP960	rs960		960	A	C	0.318	0.173265	0.0366506	0.146166	0.166705	0.365442	0.72035	0.622737
SNP961	rs961		961	A	C	0.308	0.176509	0.0360898	0.166134	0.160764	0.352823	0.678619	0.59602
SNP963	rs963		963	A	C	0.332	-0.0708681	0.036458	0.0278928	0.181401	0.710523	0.947784	0.931441
SNP964	rs964		964	A	C	0.354	-0.0363664	0.036643	0.585582	0.169461	0.849326	0.154881	0.357078
SNP968	rs968		968	A	C	0.38	0.131797	0.0368386	-0.407024	0.19368	0.492286	0.355036	0.51507
SNP970	rs970		970	A	C	0.31	0.384417	0.038972	-0.688539	0.164924	0.0515023	0.0899887	0.035678
SNP972	rs972		972	A	C	0.314	-0.178214	0.0405697	-0.289508	0.211044	0.376268	0.528568	0.554326
SNP973	rs973		973	A	C	0.3	-0.0371858	0.0376237	-0.182472	0.169259	0.847969	0.657384	0.889821
SNP974	rs974		974	A	C	0.354	-0.0764419	0.0361674	0.539495	0.159936	0.68772	0.177334	0.371319
SNP981	rs981		981	A	C	0.326	0.121447	0.0406077	0.224821	0.183206	0.546724	0.599409	0.726474
SNP983	rs983		983	A	C	0.374	-0.00702361	0.0343025	0.385021	0.164254	0.969749	0.342109	0.636371
SNP984	rs984		984	A	C	0.384	0.0504108	0.0357847	0.0544246	0.161311	0.789865	0.892211	0.956295
SNP985	rs985		985	A	C	0.34	-0.206823	0.034557	0.00266063	0.15024	0.26589	0.994523	0.538516
SNP987	rs987		987	A	C	0.384	0.0706075	0.0373378	0.299161	0.17447	0.714808	0.473857	0.723797
SNP994	rs994		994	A	C	0.348	0.0206152	0.0400607	-0.614462	0.174212	0.917965	0.140976	0.336574
SNP995	rs995		995	A	C	0.3	0.0552823	0.0432122	-0.528292	0.212636	0.790286	0.251936	0.500759
SNP997	rs997		997	A	C	0.43	0.080661	0.0284772	-0.330359	0.122718	0.63266	0.345657	0.571836
SNP999	rs999		999	A	C	0.34	-0.358011	0.0387602	0.4063	0.176665	0.0689944	0.333715	0.119959
